22:31 INFO    : Waveform generator initiated with
  frequency_domain_source_model: bilby.gw.source.lal_binary_black_hole
  time_domain_source_model: None
  parameter_conversion: bilby.gw.conversion.convert_to_lal_binary_black_hole_parameters
22:31 INFO    : Injected signal in H1:
22:31 INFO    :   optimal SNR = 11.78
22:31 INFO    :   matched filter SNR = 12.82-2.04j
22:31 INFO    :   mass_1 = 36.0
22:31 INFO    :   mass_2 = 29.0
22:31 INFO    :   a_1 = 0.4
22:31 INFO    :   a_2 = 0.3
22:31 INFO    :   tilt_1 = 0.5
22:31 INFO    :   tilt_2 = 1.0
22:31 INFO    :   phi_12 = 1.7
22:31 INFO    :   phi_jl = 0.3
22:31 INFO    :   luminosity_distance = 2000.0
22:31 INFO    :   theta_jn = 0.4
22:31 INFO    :   psi = 2.659
22:31 INFO    :   phase = 1.3
22:31 INFO    :   geocent_time = 1126259642.413
22:31 INFO    :   ra = 1.375
22:31 INFO    :   dec = -1.2108
22:31 INFO    : Injected signal in L1:
22:31 INFO    :   optimal SNR = 9.53
22:31 INFO    :   matched filter SNR = 10.03+0.04j
22:31 INFO    :   mass_1 = 36.0
22:31 INFO    :   mass_2 = 29.0
22:31 INFO    :   a_1 = 0.4
22:31 INFO    :   a_2 = 0.3
22:31 INFO    :   tilt_1 = 0.5
22:31 INFO    :   tilt_2 = 1.0
22:31 INFO    :   phi_12 = 1.7
22:31 INFO    :   phi_jl = 0.3
22:31 INFO    :   luminosity_distance = 2000.0
22:31 INFO    :   theta_jn = 0.4
22:31 INFO    :   psi = 2.659
22:31 INFO    :   phase = 1.3
22:31 INFO    :   geocent_time = 1126259642.413
22:31 INFO    :   ra = 1.375
22:31 INFO    :   dec = -1.2108
22:31 INFO    : No prior given, using default BBH priors in /Users/dhruv/miniconda3/envs/igwn-py39/lib/python3.9/site-packages/bilby/gw/prior_files/precessing_spins_bbh.prior.
22:32 INFO    : Loaded distance marginalisation lookup table from .distance_marginalization_lookup.npz.
22:32 INFO    : Running for label 'full_15_parameters', output will be saved to 'outdir'
22:32 INFO    : Using lal version 7.2.4
22:32 INFO    : Using lal git version Branch: None;Tag: lalsuite-v7.11;Id: 7a2f2aa176ad39eeaede38f6df4a41d6bf226e8f;;Builder: Unknown User <>;Repository status: CLEAN: All modifications committed
22:32 INFO    : Using lalsimulation version 4.0.2
22:32 INFO    : Using lalsimulation git version Branch: None;Tag: lalsuite-v7.11;Id: 7a2f2aa176ad39eeaede38f6df4a41d6bf226e8f;;Builder: Unknown User <>;Repository status: CLEAN: All modifications committed
22:34 INFO    : Running for label 'full_15_parameters', output will be saved to 'outdir'
22:34 INFO    : Using lal version 7.2.4
22:34 INFO    : Using lal git version Branch: None;Tag: lalsuite-v7.11;Id: 7a2f2aa176ad39eeaede38f6df4a41d6bf226e8f;;Builder: Unknown User <>;Repository status: CLEAN: All modifications committed
22:34 INFO    : Using lalsimulation version 4.0.2
22:34 INFO    : Using lalsimulation git version Branch: None;Tag: lalsuite-v7.11;Id: 7a2f2aa176ad39eeaede38f6df4a41d6bf226e8f;;Builder: Unknown User <>;Repository status: CLEAN: All modifications committed
22:36 INFO    : Running for label 'full_15_parameters', output will be saved to 'outdir'
22:36 INFO    : Using lal version 7.2.4
22:36 INFO    : Using lal git version Branch: None;Tag: lalsuite-v7.11;Id: 7a2f2aa176ad39eeaede38f6df4a41d6bf226e8f;;Builder: Unknown User <>;Repository status: CLEAN: All modifications committed
22:36 INFO    : Using lalsimulation version 4.0.2
22:36 INFO    : Using lalsimulation git version Branch: None;Tag: lalsuite-v7.11;Id: 7a2f2aa176ad39eeaede38f6df4a41d6bf226e8f;;Builder: Unknown User <>;Repository status: CLEAN: All modifications committed
22:36 INFO    : Analysis priors:
22:36 INFO    : mass_ratio=Uniform(minimum=0.5, maximum=1.0, name='mass_ratio', latex_label='$q$', unit=None, boundary=None)
22:36 INFO    : chirp_mass=Uniform(minimum=10.0, maximum=100.0, name='chirp_mass', latex_label='$M$', unit='$M_{\\odot}$', boundary=None)
22:36 INFO    : dec=Cosine(minimum=-1.5707963267948966, maximum=1.5707963267948966, name='dec', latex_label='$\\mathrm{DEC}$', unit=None, boundary=None)
22:36 INFO    : ra=Uniform(minimum=0, maximum=6.283185307179586, name='ra', latex_label='$\\mathrm{RA}$', unit=None, boundary='periodic')
22:36 INFO    : theta_jn=Sine(minimum=0, maximum=3.141592653589793, name='theta_jn', latex_label='$\\theta_{JN}$', unit=None, boundary=None)
22:36 INFO    : psi=Uniform(minimum=0, maximum=3.141592653589793, name='psi', latex_label='$\\psi$', unit=None, boundary='periodic')
22:36 INFO    : a_1=Uniform(minimum=0, maximum=0.99, name='a_1', latex_label='$a_1$', unit=None, boundary=None)
22:36 INFO    : a_2=Uniform(minimum=0, maximum=0.99, name='a_2', latex_label='$a_2$', unit=None, boundary=None)
22:36 INFO    : tilt_1=Sine(minimum=0, maximum=3.141592653589793, name='tilt_1', latex_label='$\\theta_1$', unit=None, boundary=None)
22:36 INFO    : tilt_2=Sine(minimum=0, maximum=3.141592653589793, name='tilt_2', latex_label='$\\theta_2$', unit=None, boundary=None)
22:36 INFO    : phi_12=Uniform(minimum=0, maximum=6.283185307179586, name='phi_12', latex_label='$\\Delta\\phi$', unit=None, boundary='periodic')
22:36 INFO    : phi_jl=Uniform(minimum=0, maximum=6.283185307179586, name='phi_jl', latex_label='$\\phi_{JL}$', unit=None, boundary='periodic')
22:36 INFO    : time_jitter=Uniform(minimum=-0.00048828125, maximum=0.00048828125, name='time_jitter', latex_label='$t_j$', unit=None, boundary='periodic')
22:36 INFO    : luminosity_distance=3382.9535676089
22:36 INFO    : phase=0.0
22:36 INFO    : geocent_time=1126259639.413
22:36 INFO    : Analysis likelihood class: <class 'bilby.gw.likelihood.base.GravitationalWaveTransient'>
22:36 INFO    : Analysis likelihood noise evidence: -8111.161748397944
22:36 INFO    : Single likelihood evaluation took 4.858e-03 s
22:36 WARNING : No seed provided, cpnest will use 1234.
22:36 INFO    : Using sampler Cpnest with kwargs {'verbose': 3, 'nthreads': 1, 'nlive': 2000, 'maxmcmc': 2000, 'seed': None, 'poolsize': 100, 'nhamiltonian': 0, 'resume': True, 'output': 'outdir/cpnest_full_15_parameters/', 'proposals': None, 'n_periodic_checkpoint': 8000}
11:32 INFO    : Run interrupted by signal None: checkpoint and exit on 130
11:33 INFO    : Running for label 'full_15_parameters', output will be saved to 'outdir'
11:33 INFO    : Using lal version 7.2.4
11:33 INFO    : Using lal git version Branch: None;Tag: lalsuite-v7.11;Id: 7a2f2aa176ad39eeaede38f6df4a41d6bf226e8f;;Builder: Unknown User <>;Repository status: CLEAN: All modifications committed
11:33 INFO    : Using lalsimulation version 4.0.2
11:33 INFO    : Using lalsimulation git version Branch: None;Tag: lalsuite-v7.11;Id: 7a2f2aa176ad39eeaede38f6df4a41d6bf226e8f;;Builder: Unknown User <>;Repository status: CLEAN: All modifications committed
11:33 INFO    : Analysis priors:
11:33 INFO    : mass_ratio=Uniform(minimum=0.5, maximum=1.0, name='mass_ratio', latex_label='$q$', unit=None, boundary=None)
11:33 INFO    : chirp_mass=Uniform(minimum=10.0, maximum=100.0, name='chirp_mass', latex_label='$M$', unit='$M_{\\odot}$', boundary=None)
11:33 INFO    : dec=Cosine(minimum=-1.5707963267948966, maximum=1.5707963267948966, name='dec', latex_label='$\\mathrm{DEC}$', unit=None, boundary=None)
11:33 INFO    : ra=Uniform(minimum=0, maximum=6.283185307179586, name='ra', latex_label='$\\mathrm{RA}$', unit=None, boundary='periodic')
11:33 INFO    : theta_jn=Sine(minimum=0, maximum=3.141592653589793, name='theta_jn', latex_label='$\\theta_{JN}$', unit=None, boundary=None)
11:33 INFO    : psi=Uniform(minimum=0, maximum=3.141592653589793, name='psi', latex_label='$\\psi$', unit=None, boundary='periodic')
11:33 INFO    : a_1=Uniform(minimum=0, maximum=0.99, name='a_1', latex_label='$a_1$', unit=None, boundary=None)
11:33 INFO    : a_2=Uniform(minimum=0, maximum=0.99, name='a_2', latex_label='$a_2$', unit=None, boundary=None)
11:33 INFO    : tilt_1=Sine(minimum=0, maximum=3.141592653589793, name='tilt_1', latex_label='$\\theta_1$', unit=None, boundary=None)
11:33 INFO    : tilt_2=Sine(minimum=0, maximum=3.141592653589793, name='tilt_2', latex_label='$\\theta_2$', unit=None, boundary=None)
11:33 INFO    : phi_12=Uniform(minimum=0, maximum=6.283185307179586, name='phi_12', latex_label='$\\Delta\\phi$', unit=None, boundary='periodic')
11:33 INFO    : phi_jl=Uniform(minimum=0, maximum=6.283185307179586, name='phi_jl', latex_label='$\\phi_{JL}$', unit=None, boundary='periodic')
11:33 INFO    : time_jitter=Uniform(minimum=-0.00048828125, maximum=0.00048828125, name='time_jitter', latex_label='$t_j$', unit=None, boundary='periodic')
11:33 INFO    : luminosity_distance=3382.9535676089
11:33 INFO    : phase=0.0
11:33 INFO    : geocent_time=1126259639.413
11:33 INFO    : Analysis likelihood class: <class 'bilby.gw.likelihood.base.GravitationalWaveTransient'>
11:33 INFO    : Analysis likelihood noise evidence: -8111.161748397944
11:33 INFO    : Single likelihood evaluation took 5.020e-03 s
11:33 WARNING : No seed provided, cpnest will use 1234.
11:33 INFO    : Using sampler Cpnest with kwargs {'verbose': 3, 'nthreads': 1, 'nlive': 2000, 'maxmcmc': 2000, 'seed': None, 'poolsize': 100, 'nhamiltonian': 0, 'resume': True, 'output': 'outdir/cpnest_full_15_parameters/', 'proposals': None, 'n_periodic_checkpoint': 8000}
12:28 INFO    : Run interrupted by signal None: checkpoint and exit on 130
12:29 INFO    : Running for label 'full_15_parameters', output will be saved to 'outdir'
12:29 INFO    : Using lal version 7.2.4
12:29 INFO    : Using lal git version Branch: None;Tag: lalsuite-v7.11;Id: 7a2f2aa176ad39eeaede38f6df4a41d6bf226e8f;;Builder: Unknown User <>;Repository status: CLEAN: All modifications committed
12:29 INFO    : Using lalsimulation version 4.0.2
12:29 INFO    : Using lalsimulation git version Branch: None;Tag: lalsuite-v7.11;Id: 7a2f2aa176ad39eeaede38f6df4a41d6bf226e8f;;Builder: Unknown User <>;Repository status: CLEAN: All modifications committed
12:29 INFO    : Analysis priors:
12:29 INFO    : mass_ratio=Uniform(minimum=0.5, maximum=1.0, name='mass_ratio', latex_label='$q$', unit=None, boundary=None)
12:29 INFO    : chirp_mass=Uniform(minimum=10.0, maximum=100.0, name='chirp_mass', latex_label='$M$', unit='$M_{\\odot}$', boundary=None)
12:29 INFO    : dec=Cosine(minimum=-1.5707963267948966, maximum=1.5707963267948966, name='dec', latex_label='$\\mathrm{DEC}$', unit=None, boundary=None)
12:29 INFO    : ra=Uniform(minimum=0, maximum=6.283185307179586, name='ra', latex_label='$\\mathrm{RA}$', unit=None, boundary='periodic')
12:29 INFO    : theta_jn=Sine(minimum=0, maximum=3.141592653589793, name='theta_jn', latex_label='$\\theta_{JN}$', unit=None, boundary=None)
12:29 INFO    : psi=Uniform(minimum=0, maximum=3.141592653589793, name='psi', latex_label='$\\psi$', unit=None, boundary='periodic')
12:29 INFO    : a_1=Uniform(minimum=0, maximum=0.99, name='a_1', latex_label='$a_1$', unit=None, boundary=None)
12:29 INFO    : a_2=Uniform(minimum=0, maximum=0.99, name='a_2', latex_label='$a_2$', unit=None, boundary=None)
12:29 INFO    : tilt_1=Sine(minimum=0, maximum=3.141592653589793, name='tilt_1', latex_label='$\\theta_1$', unit=None, boundary=None)
12:29 INFO    : tilt_2=Sine(minimum=0, maximum=3.141592653589793, name='tilt_2', latex_label='$\\theta_2$', unit=None, boundary=None)
12:29 INFO    : phi_12=Uniform(minimum=0, maximum=6.283185307179586, name='phi_12', latex_label='$\\Delta\\phi$', unit=None, boundary='periodic')
12:29 INFO    : phi_jl=Uniform(minimum=0, maximum=6.283185307179586, name='phi_jl', latex_label='$\\phi_{JL}$', unit=None, boundary='periodic')
12:29 INFO    : time_jitter=Uniform(minimum=-0.00048828125, maximum=0.00048828125, name='time_jitter', latex_label='$t_j$', unit=None, boundary='periodic')
12:29 INFO    : luminosity_distance=3382.9535676089
12:29 INFO    : phase=0.0
12:29 INFO    : geocent_time=1126259639.413
12:29 INFO    : Analysis likelihood class: <class 'bilby.gw.likelihood.base.GravitationalWaveTransient'>
12:29 INFO    : Analysis likelihood noise evidence: -8111.161748397944
12:29 INFO    : Single likelihood evaluation took 4.904e-03 s
12:29 INFO    : Using sampler Dynesty with kwargs {'nlive': 2000, 'bound': 'live', 'sample': 'act-walk', 'periodic': None, 'reflective': None, 'update_interval': 600, 'first_update': None, 'npdim': None, 'rstate': None, 'queue_size': 1, 'pool': None, 'use_pool': None, 'live_points': None, 'logl_args': None, 'logl_kwargs': None, 'ptform_args': None, 'ptform_kwargs': None, 'gradient': None, 'grad_args': None, 'grad_kwargs': None, 'compute_jac': False, 'enlarge': None, 'bootstrap': None, 'walks': 100, 'facc': 0.2, 'slices': None, 'fmove': 0.9, 'max_move': 100, 'update_func': None, 'ncdim': None, 'blob': False, 'save_history': False, 'history_filename': None, 'maxiter': None, 'maxcall': None, 'dlogz': 0.1, 'logl_max': inf, 'n_effective': None, 'add_live': True, 'print_progress': True, 'print_func': <bound method Dynesty._print_func of <bilby.core.sampler.dynesty.Dynesty object at 0x15cac0520>>, 'save_bounds': False, 'checkpoint_file': None, 'checkpoint_every': 60, 'resume': False}
12:29 INFO    : Checkpoint every check_point_delta_t = 600s
12:29 INFO    : Using dynesty version 2.1.1
12:29 INFO    : Using the bilby-implemented rwalk sampling tracking the autocorrelation function and thinning by 2 with maximum length 4000
12:29 INFO    : Resume file outdir/full_15_parameters_resume.pickle does not exist.
12:29 INFO    : Generating initial points from the prior
12:40 INFO    : Written checkpoint file outdir/full_15_parameters_resume.pickle
12:51 INFO    : Written checkpoint file outdir/full_15_parameters_resume.pickle
13:01 INFO    : Written checkpoint file outdir/full_15_parameters_resume.pickle
13:12 INFO    : Written checkpoint file outdir/full_15_parameters_resume.pickle
13:24 INFO    : Written checkpoint file outdir/full_15_parameters_resume.pickle
13:36 INFO    : Written checkpoint file outdir/full_15_parameters_resume.pickle
13:47 INFO    : Written checkpoint file outdir/full_15_parameters_resume.pickle
13:58 INFO    : Written checkpoint file outdir/full_15_parameters_resume.pickle
14:09 INFO    : Written checkpoint file outdir/full_15_parameters_resume.pickle
14:19 INFO    : Written checkpoint file outdir/full_15_parameters_resume.pickle
14:30 INFO    : Written checkpoint file outdir/full_15_parameters_resume.pickle
14:41 INFO    : Written checkpoint file outdir/full_15_parameters_resume.pickle
14:55 INFO    : Written checkpoint file outdir/full_15_parameters_resume.pickle
15:06 INFO    : Written checkpoint file outdir/full_15_parameters_resume.pickle
15:18 INFO    : Written checkpoint file outdir/full_15_parameters_resume.pickle
15:30 INFO    : Written checkpoint file outdir/full_15_parameters_resume.pickle
15:49 INFO    : Written checkpoint file outdir/full_15_parameters_resume.pickle
16:00 INFO    : Written checkpoint file outdir/full_15_parameters_resume.pickle
16:12 INFO    : Written checkpoint file outdir/full_15_parameters_resume.pickle
16:24 INFO    : Written checkpoint file outdir/full_15_parameters_resume.pickle
16:35 INFO    : Written checkpoint file outdir/full_15_parameters_resume.pickle
16:46 INFO    : Written checkpoint file outdir/full_15_parameters_resume.pickle
16:57 INFO    : Written checkpoint file outdir/full_15_parameters_resume.pickle
17:09 INFO    : Written checkpoint file outdir/full_15_parameters_resume.pickle
17:20 INFO    : Written checkpoint file outdir/full_15_parameters_resume.pickle
17:32 INFO    : Written checkpoint file outdir/full_15_parameters_resume.pickle
17:42 INFO    : Written checkpoint file outdir/full_15_parameters_resume.pickle
17:53 INFO    : Written checkpoint file outdir/full_15_parameters_resume.pickle
18:19 INFO    : Written checkpoint file outdir/full_15_parameters_resume.pickle
19:01 INFO    : Written checkpoint file outdir/full_15_parameters_resume.pickle
20:19 INFO    : Written checkpoint file outdir/full_15_parameters_resume.pickle
20:31 INFO    : Written checkpoint file outdir/full_15_parameters_resume.pickle
20:44 INFO    : Written checkpoint file outdir/full_15_parameters_resume.pickle
20:56 INFO    : Written checkpoint file outdir/full_15_parameters_resume.pickle
21:07 INFO    : Written checkpoint file outdir/full_15_parameters_resume.pickle
21:19 INFO    : Written checkpoint file outdir/full_15_parameters_resume.pickle
21:29 INFO    : Written checkpoint file outdir/full_15_parameters_resume.pickle
22:11 INFO    : Written checkpoint file outdir/full_15_parameters_resume.pickle
22:22 INFO    : Written checkpoint file outdir/full_15_parameters_resume.pickle
22:59 INFO    : Written checkpoint file outdir/full_15_parameters_resume.pickle
23:11 INFO    : Written checkpoint file outdir/full_15_parameters_resume.pickle
23:31 INFO    : Written checkpoint file outdir/full_15_parameters_resume.pickle
23:50 INFO    : Written checkpoint file outdir/full_15_parameters_resume.pickle
01:20 INFO    : Written checkpoint file outdir/full_15_parameters_resume.pickle
01:48 INFO    : Written checkpoint file outdir/full_15_parameters_resume.pickle
02:51 INFO    : Written checkpoint file outdir/full_15_parameters_resume.pickle
03:56 INFO    : Written checkpoint file outdir/full_15_parameters_resume.pickle
05:03 INFO    : Written checkpoint file outdir/full_15_parameters_resume.pickle
06:07 INFO    : Written checkpoint file outdir/full_15_parameters_resume.pickle
06:29 INFO    : Written checkpoint file outdir/full_15_parameters_resume.pickle
07:06 INFO    : Written checkpoint file outdir/full_15_parameters_resume.pickle
07:33 INFO    : Written checkpoint file outdir/full_15_parameters_resume.pickle
07:52 INFO    : Written checkpoint file outdir/full_15_parameters_resume.pickle
08:06 INFO    : Written checkpoint file outdir/full_15_parameters_resume.pickle
09:16 INFO    : Written checkpoint file outdir/full_15_parameters_resume.pickle
09:56 INFO    : Written checkpoint file outdir/full_15_parameters_resume.pickle
10:59 INFO    : Written checkpoint file outdir/full_15_parameters_resume.pickle
11:09 INFO    : Written checkpoint file outdir/full_15_parameters_resume.pickle
11:21 INFO    : Written checkpoint file outdir/full_15_parameters_resume.pickle
11:32 INFO    : Written checkpoint file outdir/full_15_parameters_resume.pickle
11:44 INFO    : Written checkpoint file outdir/full_15_parameters_resume.pickle
11:55 INFO    : Written checkpoint file outdir/full_15_parameters_resume.pickle
12:05 INFO    : Written checkpoint file outdir/full_15_parameters_resume.pickle
12:17 INFO    : Written checkpoint file outdir/full_15_parameters_resume.pickle
12:27 INFO    : Written checkpoint file outdir/full_15_parameters_resume.pickle
12:38 INFO    : Written checkpoint file outdir/full_15_parameters_resume.pickle
12:50 INFO    : Written checkpoint file outdir/full_15_parameters_resume.pickle
13:01 INFO    : Written checkpoint file outdir/full_15_parameters_resume.pickle
13:12 INFO    : Written checkpoint file outdir/full_15_parameters_resume.pickle
13:23 INFO    : Written checkpoint file outdir/full_15_parameters_resume.pickle
13:34 INFO    : Written checkpoint file outdir/full_15_parameters_resume.pickle
13:50 INFO    : Written checkpoint file outdir/full_15_parameters_resume.pickle
14:23 INFO    : Written checkpoint file outdir/full_15_parameters_resume.pickle
14:50 INFO    : Written checkpoint file outdir/full_15_parameters_resume.pickle
15:07 INFO    : Written checkpoint file outdir/full_15_parameters_resume.pickle
15:19 INFO    : Written checkpoint file outdir/full_15_parameters_resume.pickle
15:33 INFO    : Written checkpoint file outdir/full_15_parameters_resume.pickle
15:43 INFO    : Written checkpoint file outdir/full_15_parameters_resume.pickle
15:55 INFO    : Written checkpoint file outdir/full_15_parameters_resume.pickle
16:18 INFO    : Written checkpoint file outdir/full_15_parameters_resume.pickle
16:29 INFO    : Written checkpoint file outdir/full_15_parameters_resume.pickle
16:41 INFO    : Written checkpoint file outdir/full_15_parameters_resume.pickle
16:53 INFO    : Written checkpoint file outdir/full_15_parameters_resume.pickle
17:05 INFO    : Written checkpoint file outdir/full_15_parameters_resume.pickle
17:16 INFO    : Written checkpoint file outdir/full_15_parameters_resume.pickle
17:34 INFO    : Written checkpoint file outdir/full_15_parameters_resume.pickle
17:45 INFO    : Written checkpoint file outdir/full_15_parameters_resume.pickle
18:59 INFO    : Written checkpoint file outdir/full_15_parameters_resume.pickle
19:18 INFO    : Written checkpoint file outdir/full_15_parameters_resume.pickle
19:33 INFO    : Written checkpoint file outdir/full_15_parameters_resume.pickle
19:45 INFO    : Written checkpoint file outdir/full_15_parameters_resume.pickle
20:15 INFO    : Written checkpoint file outdir/full_15_parameters_resume.pickle
20:26 INFO    : Written checkpoint file outdir/full_15_parameters_resume.pickle
20:38 INFO    : Written checkpoint file outdir/full_15_parameters_resume.pickle
20:48 INFO    : Written checkpoint file outdir/full_15_parameters_resume.pickle
21:15 INFO    : Written checkpoint file outdir/full_15_parameters_resume.pickle
21:26 INFO    : Written checkpoint file outdir/full_15_parameters_resume.pickle
21:36 INFO    : Written checkpoint file outdir/full_15_parameters_resume.pickle
21:48 INFO    : Written checkpoint file outdir/full_15_parameters_resume.pickle
21:59 INFO    : Written checkpoint file outdir/full_15_parameters_resume.pickle
22:09 INFO    : Written checkpoint file outdir/full_15_parameters_resume.pickle
22:20 INFO    : Written checkpoint file outdir/full_15_parameters_resume.pickle
22:31 INFO    : Written checkpoint file outdir/full_15_parameters_resume.pickle
22:42 INFO    : Written checkpoint file outdir/full_15_parameters_resume.pickle
23:24 INFO    : Written checkpoint file outdir/full_15_parameters_resume.pickle
03:32 INFO    : Written checkpoint file outdir/full_15_parameters_resume.pickle
04:07 INFO    : Written checkpoint file outdir/full_15_parameters_resume.pickle
08:49 INFO    : Written checkpoint file outdir/full_15_parameters_resume.pickle
09:04 INFO    : Written checkpoint file outdir/full_15_parameters_resume.pickle
11:28 INFO    : Written checkpoint file outdir/full_15_parameters_resume.pickle
12:01 INFO    : Written checkpoint file outdir/full_15_parameters_resume.pickle
13:58 INFO    : Written checkpoint file outdir/full_15_parameters_resume.pickle
14:09 INFO    : Written checkpoint file outdir/full_15_parameters_resume.pickle
14:20 INFO    : Written checkpoint file outdir/full_15_parameters_resume.pickle
14:31 INFO    : Written checkpoint file outdir/full_15_parameters_resume.pickle
14:42 INFO    : Written checkpoint file outdir/full_15_parameters_resume.pickle
14:52 INFO    : Written checkpoint file outdir/full_15_parameters_resume.pickle
15:03 INFO    : Written checkpoint file outdir/full_15_parameters_resume.pickle
15:15 INFO    : Written checkpoint file outdir/full_15_parameters_resume.pickle
15:25 INFO    : Written checkpoint file outdir/full_15_parameters_resume.pickle
15:36 INFO    : Written checkpoint file outdir/full_15_parameters_resume.pickle
15:46 INFO    : Written checkpoint file outdir/full_15_parameters_resume.pickle
16:01 INFO    : Written checkpoint file outdir/full_15_parameters_resume.pickle
16:12 INFO    : Written checkpoint file outdir/full_15_parameters_resume.pickle
16:22 INFO    : Written checkpoint file outdir/full_15_parameters_resume.pickle
16:33 INFO    : Written checkpoint file outdir/full_15_parameters_resume.pickle
16:44 INFO    : Written checkpoint file outdir/full_15_parameters_resume.pickle
16:54 INFO    : Written checkpoint file outdir/full_15_parameters_resume.pickle
18:44 INFO    : Written checkpoint file outdir/full_15_parameters_resume.pickle
20:15 INFO    : Written checkpoint file outdir/full_15_parameters_resume.pickle
20:25 INFO    : Written checkpoint file outdir/full_15_parameters_resume.pickle
20:35 INFO    : Written checkpoint file outdir/full_15_parameters_resume.pickle
20:47 INFO    : Written checkpoint file outdir/full_15_parameters_resume.pickle
21:00 INFO    : Written checkpoint file outdir/full_15_parameters_resume.pickle
21:10 INFO    : Written checkpoint file outdir/full_15_parameters_resume.pickle
21:21 INFO    : Written checkpoint file outdir/full_15_parameters_resume.pickle
21:32 INFO    : Written checkpoint file outdir/full_15_parameters_resume.pickle
21:43 INFO    : Written checkpoint file outdir/full_15_parameters_resume.pickle
21:53 INFO    : Written checkpoint file outdir/full_15_parameters_resume.pickle
22:04 INFO    : Written checkpoint file outdir/full_15_parameters_resume.pickle
22:14 INFO    : Written checkpoint file outdir/full_15_parameters_resume.pickle
22:24 INFO    : Written checkpoint file outdir/full_15_parameters_resume.pickle
22:34 INFO    : Written checkpoint file outdir/full_15_parameters_resume.pickle
23:14 INFO    : Written checkpoint file outdir/full_15_parameters_resume.pickle
23:30 INFO    : Written checkpoint file outdir/full_15_parameters_resume.pickle
00:41 INFO    : Written checkpoint file outdir/full_15_parameters_resume.pickle
03:31 INFO    : Written checkpoint file outdir/full_15_parameters_resume.pickle
06:46 INFO    : Written checkpoint file outdir/full_15_parameters_resume.pickle
09:24 INFO    : Written checkpoint file outdir/full_15_parameters_resume.pickle
11:10 INFO    : Written checkpoint file outdir/full_15_parameters_resume.pickle
11:26 INFO    : Written checkpoint file outdir/full_15_parameters_resume.pickle
11:37 INFO    : Written checkpoint file outdir/full_15_parameters_resume.pickle
11:47 INFO    : Written checkpoint file outdir/full_15_parameters_resume.pickle
12:02 INFO    : Written checkpoint file outdir/full_15_parameters_resume.pickle
12:13 INFO    : Written checkpoint file outdir/full_15_parameters_resume.pickle
12:24 INFO    : Written checkpoint file outdir/full_15_parameters_resume.pickle
12:34 INFO    : Written checkpoint file outdir/full_15_parameters_resume.pickle
12:48 INFO    : Written checkpoint file outdir/full_15_parameters_resume.pickle
12:59 INFO    : Written checkpoint file outdir/full_15_parameters_resume.pickle
13:10 INFO    : Written checkpoint file outdir/full_15_parameters_resume.pickle
13:21 INFO    : Written checkpoint file outdir/full_15_parameters_resume.pickle
13:32 INFO    : Written checkpoint file outdir/full_15_parameters_resume.pickle
13:42 INFO    : Written checkpoint file outdir/full_15_parameters_resume.pickle
14:14 INFO    : Written checkpoint file outdir/full_15_parameters_resume.pickle
14:24 INFO    : Written checkpoint file outdir/full_15_parameters_resume.pickle
14:35 INFO    : Written checkpoint file outdir/full_15_parameters_resume.pickle
14:45 INFO    : Written checkpoint file outdir/full_15_parameters_resume.pickle
14:56 INFO    : Written checkpoint file outdir/full_15_parameters_resume.pickle
15:06 INFO    : Written checkpoint file outdir/full_15_parameters_resume.pickle
15:16 INFO    : Written checkpoint file outdir/full_15_parameters_resume.pickle
15:27 INFO    : Written checkpoint file outdir/full_15_parameters_resume.pickle
15:39 INFO    : Written checkpoint file outdir/full_15_parameters_resume.pickle
15:49 INFO    : Written checkpoint file outdir/full_15_parameters_resume.pickle
