13:15 INFO    : Waveform generator initiated with
  frequency_domain_source_model: bilby.gw.source.lal_binary_black_hole
  time_domain_source_model: None
  parameter_conversion: bilby.gw.conversion.convert_to_lal_binary_black_hole_parameters
13:15 INFO    : Injected signal in H1:
13:15 INFO    :   optimal SNR = 12.97
13:15 INFO    :   matched filter SNR = 13.36-1.05j
13:15 INFO    :   mass_1 = 36.0
13:15 INFO    :   mass_2 = 29.0
13:15 INFO    :   a_1 = 0.4
13:15 INFO    :   a_2 = 0.3
13:15 INFO    :   tilt_1 = 0.5
13:15 INFO    :   tilt_2 = 1.0
13:15 INFO    :   phi_12 = 1.7
13:15 INFO    :   phi_jl = 0.3
13:15 INFO    :   luminosity_distance = 2000.0
13:15 INFO    :   theta_jn = 0.4
13:15 INFO    :   psi = 2.659
13:15 INFO    :   phase = 1.3
13:15 INFO    :   geocent_time = 1186742041
13:15 INFO    :   ra = 1.375
13:15 INFO    :   dec = -1.2108
13:15 INFO    : Injected signal in L1:
13:15 INFO    :   optimal SNR = 10.14
13:15 INFO    :   matched filter SNR = 10.29+0.20j
13:15 INFO    :   mass_1 = 36.0
13:15 INFO    :   mass_2 = 29.0
13:15 INFO    :   a_1 = 0.4
13:15 INFO    :   a_2 = 0.3
13:15 INFO    :   tilt_1 = 0.5
13:15 INFO    :   tilt_2 = 1.0
13:15 INFO    :   phi_12 = 1.7
13:15 INFO    :   phi_jl = 0.3
13:15 INFO    :   luminosity_distance = 2000.0
13:15 INFO    :   theta_jn = 0.4
13:15 INFO    :   psi = 2.659
13:15 INFO    :   phase = 1.3
13:15 INFO    :   geocent_time = 1186742041
13:15 INFO    :   ra = 1.375
13:15 INFO    :   dec = -1.2108
13:15 INFO    : Injected signal in V1:
13:15 INFO    :   optimal SNR = 9.14
13:15 INFO    :   matched filter SNR = 8.82+0.06j
13:15 INFO    :   mass_1 = 36.0
13:15 INFO    :   mass_2 = 29.0
13:15 INFO    :   a_1 = 0.4
13:15 INFO    :   a_2 = 0.3
13:15 INFO    :   tilt_1 = 0.5
13:15 INFO    :   tilt_2 = 1.0
13:15 INFO    :   phi_12 = 1.7
13:15 INFO    :   phi_jl = 0.3
13:15 INFO    :   luminosity_distance = 2000.0
13:15 INFO    :   theta_jn = 0.4
13:15 INFO    :   psi = 2.659
13:15 INFO    :   phase = 1.3
13:15 INFO    :   geocent_time = 1186742041
13:15 INFO    :   ra = 1.375
13:15 INFO    :   dec = -1.2108
13:15 INFO    : No prior given, using default BBH priors in /Users/dhruv/Library/Python/3.9/lib/python/site-packages/bilby/gw/prior_files/precessing_spins_bbh.prior.
13:15 INFO    : Loaded distance marginalisation lookup table from .distance_marginalization_lookup.npz.
13:15 INFO    : Running for label 'full_15_parameters', output will be saved to 'outdir'
13:15 INFO    : Using lal version 7.3.1
13:15 INFO    : Using lal git version Branch: None;Tag: lalsuite-v7.15;Id: 9a0927aac5e23cd7c93ada22a24aef9e3a12a2c7;;Builder: Unknown User <>;Repository status: CLEAN: All modifications committed
13:15 INFO    : Using lalsimulation version 5.2.0
13:15 INFO    : Using lalsimulation git version Branch: None;Tag: lalsuite-v7.15;Id: 9a0927aac5e23cd7c93ada22a24aef9e3a12a2c7;;Builder: Unknown User <>;Repository status: CLEAN: All modifications committed
13:15 INFO    : Analysis priors:
13:15 INFO    : mass_ratio=Uniform(minimum=0.5, maximum=1.0, name='mass_ratio', latex_label='$q$', unit=None, boundary=None)
13:15 INFO    : chirp_mass=Uniform(minimum=10.0, maximum=100.0, name='chirp_mass', latex_label='$M$', unit='$M_{\\odot}$', boundary=None)
13:15 INFO    : dec=Cosine(minimum=-1.5707963267948966, maximum=1.5707963267948966, name='dec', latex_label='$\\mathrm{DEC}$', unit=None, boundary=None)
13:15 INFO    : ra=Uniform(minimum=0, maximum=6.283185307179586, name='ra', latex_label='$\\mathrm{RA}$', unit=None, boundary='periodic')
13:15 INFO    : theta_jn=Sine(minimum=0, maximum=3.141592653589793, name='theta_jn', latex_label='$\\theta_{JN}$', unit=None, boundary=None)
13:15 INFO    : psi=Uniform(minimum=0, maximum=3.141592653589793, name='psi', latex_label='$\\psi$', unit=None, boundary='periodic')
13:15 INFO    : a_1=Uniform(minimum=0, maximum=0.99, name='a_1', latex_label='$a_1$', unit=None, boundary=None)
13:15 INFO    : a_2=Uniform(minimum=0, maximum=0.99, name='a_2', latex_label='$a_2$', unit=None, boundary=None)
13:15 INFO    : tilt_1=Sine(minimum=0, maximum=3.141592653589793, name='tilt_1', latex_label='$\\theta_1$', unit=None, boundary=None)
13:15 INFO    : tilt_2=Sine(minimum=0, maximum=3.141592653589793, name='tilt_2', latex_label='$\\theta_2$', unit=None, boundary=None)
13:15 INFO    : phi_12=Uniform(minimum=0, maximum=6.283185307179586, name='phi_12', latex_label='$\\Delta\\phi$', unit=None, boundary='periodic')
13:15 INFO    : phi_jl=Uniform(minimum=0, maximum=6.283185307179586, name='phi_jl', latex_label='$\\phi_{JL}$', unit=None, boundary='periodic')
13:15 INFO    : time_jitter=Uniform(minimum=-0.00048828125, maximum=0.00048828125, name='time_jitter', latex_label='$t_j$', unit=None, boundary='periodic')
13:15 INFO    : luminosity_distance=3382.9535676088985
13:15 INFO    : phase=0.0
13:15 INFO    : geocent_time=1186742038.0
13:15 INFO    : Analysis likelihood class: <class 'bilby.gw.likelihood.base.GravitationalWaveTransient'>
13:15 INFO    : Analysis likelihood noise evidence: -12208.602847690749
13:15 INFO    : Single likelihood evaluation took 1.249e-03 s
13:15 WARNING : Supplied argument 'npoints' not an argument of 'Dynesty', removing.
13:15 WARNING : Supplied argument 'n_checkpoint' not an argument of 'Dynesty', removing.
13:15 INFO    : Using sampler Dynesty with kwargs {'nlive': 512, 'bound': 'live', 'sample': 'act-walk', 'periodic': None, 'reflective': None, 'update_interval': 600, 'first_update': None, 'npdim': None, 'rstate': None, 'queue_size': 1, 'pool': None, 'use_pool': None, 'live_points': None, 'logl_args': None, 'logl_kwargs': None, 'ptform_args': None, 'ptform_kwargs': None, 'gradient': None, 'grad_args': None, 'grad_kwargs': None, 'compute_jac': False, 'enlarge': None, 'bootstrap': None, 'walks': 100, 'facc': 0.2, 'slices': None, 'fmove': 0.9, 'max_move': 100, 'update_func': None, 'ncdim': None, 'blob': False, 'save_history': False, 'history_filename': None, 'maxiter': None, 'maxcall': None, 'dlogz': 0.2, 'logl_max': inf, 'n_effective': None, 'add_live': True, 'print_progress': True, 'print_func': <bound method Dynesty._print_func of <bilby.core.sampler.dynesty.Dynesty object at 0x13dbed670>>, 'save_bounds': False, 'checkpoint_file': None, 'checkpoint_every': 60, 'resume': False}
13:15 INFO    : Checkpoint every check_point_delta_t = 600s
13:15 INFO    : Using dynesty version 2.1.2
13:15 INFO    : Using the bilby-implemented rwalk sampling tracking the autocorrelation function and thinning by 2 with maximum length 2000
13:15 INFO    : Resume file outdir/full_15_parameters_resume.pickle does not exist.
13:15 INFO    : Generating initial points from the prior
13:26 INFO    : Written checkpoint file outdir/full_15_parameters_resume.pickle
13:41 INFO    : Written checkpoint file outdir/full_15_parameters_resume.pickle
13:52 INFO    : Written checkpoint file outdir/full_15_parameters_resume.pickle
14:03 INFO    : Written checkpoint file outdir/full_15_parameters_resume.pickle
14:16 INFO    : Written checkpoint file outdir/full_15_parameters_resume.pickle
14:48 INFO    : Written checkpoint file outdir/full_15_parameters_resume.pickle
15:06 INFO    : Written checkpoint file outdir/full_15_parameters_resume.pickle
15:23 INFO    : Written checkpoint file outdir/full_15_parameters_resume.pickle
15:40 INFO    : Written checkpoint file outdir/full_15_parameters_resume.pickle
15:58 INFO    : Written checkpoint file outdir/full_15_parameters_resume.pickle
16:15 INFO    : Written checkpoint file outdir/full_15_parameters_resume.pickle
16:32 INFO    : Written checkpoint file outdir/full_15_parameters_resume.pickle
16:43 INFO    : Written checkpoint file outdir/full_15_parameters_resume.pickle
17:45 INFO    : Written checkpoint file outdir/full_15_parameters_resume.pickle
18:45 INFO    : Written checkpoint file outdir/full_15_parameters_resume.pickle
19:36 INFO    : Written checkpoint file outdir/full_15_parameters_resume.pickle
20:50 INFO    : Written checkpoint file outdir/full_15_parameters_resume.pickle
23:52 INFO    : Written checkpoint file outdir/full_15_parameters_resume.pickle
01:16 INFO    : Written checkpoint file outdir/full_15_parameters_resume.pickle
04:57 INFO    : Written checkpoint file outdir/full_15_parameters_resume.pickle
06:27 INFO    : Written checkpoint file outdir/full_15_parameters_resume.pickle
07:36 INFO    : Written checkpoint file outdir/full_15_parameters_resume.pickle
09:20 INFO    : Written checkpoint file outdir/full_15_parameters_resume.pickle
09:31 INFO    : Written checkpoint file outdir/full_15_parameters_resume.pickle
09:41 INFO    : Written checkpoint file outdir/full_15_parameters_resume.pickle
09:52 INFO    : Written checkpoint file outdir/full_15_parameters_resume.pickle
09:54 INFO    : Written checkpoint file outdir/full_15_parameters_resume.pickle
09:55 INFO    : Rejection sampling nested samples to obtain 2457 posterior samples
09:55 INFO    : Sampling time: 20:39:47.313393
09:55 INFO    : Computing per-detector log likelihoods.
09:55 INFO    : Reconstructing marginalised parameters.
09:55 INFO    : Generating sky frame parameters.
09:55 INFO    : Computing SNRs for every sample.
09:55 INFO    : Summary of results:
nsamples: 2457
ln_noise_evidence: -12208.603
ln_evidence: -12056.937 +/-  0.259
ln_bayes_factor: 151.666 +/-  0.259

