09:41 INFO    : Waveform generator initiated with
  frequency_domain_source_model: bilby.gw.source.lal_binary_black_hole
  time_domain_source_model: None
  parameter_conversion: bilby.gw.conversion.convert_to_lal_binary_black_hole_parameters
09:41 INFO    : Injected signal in H1:
09:41 INFO    :   optimal SNR = 11.78
09:41 INFO    :   matched filter SNR = 12.82-2.04j
09:41 INFO    :   mass_1 = 36.0
09:41 INFO    :   mass_2 = 29.0
09:41 INFO    :   a_1 = 0.4
09:41 INFO    :   a_2 = 0.3
09:41 INFO    :   tilt_1 = 0.5
09:41 INFO    :   tilt_2 = 1.0
09:41 INFO    :   phi_12 = 1.7
09:41 INFO    :   phi_jl = 0.3
09:41 INFO    :   luminosity_distance = 2000.0
09:41 INFO    :   theta_jn = 0.4
09:41 INFO    :   psi = 2.659
09:41 INFO    :   phase = 1.3
09:41 INFO    :   geocent_time = 1126259642.413
09:41 INFO    :   ra = 1.375
09:41 INFO    :   dec = -1.2108
09:41 INFO    : Injected signal in L1:
09:41 INFO    :   optimal SNR = 9.53
09:41 INFO    :   matched filter SNR = 10.03+0.04j
09:41 INFO    :   mass_1 = 36.0
09:41 INFO    :   mass_2 = 29.0
09:41 INFO    :   a_1 = 0.4
09:41 INFO    :   a_2 = 0.3
09:41 INFO    :   tilt_1 = 0.5
09:41 INFO    :   tilt_2 = 1.0
09:41 INFO    :   phi_12 = 1.7
09:41 INFO    :   phi_jl = 0.3
09:41 INFO    :   luminosity_distance = 2000.0
09:41 INFO    :   theta_jn = 0.4
09:41 INFO    :   psi = 2.659
09:41 INFO    :   phase = 1.3
09:41 INFO    :   geocent_time = 1126259642.413
09:41 INFO    :   ra = 1.375
09:41 INFO    :   dec = -1.2108
09:41 INFO    : No prior given, using default BBH priors in /Users/dhruv/Library/Python/3.9/lib/python/site-packages/bilby/gw/prior_files/precessing_spins_bbh.prior.
09:41 INFO    : Distance marginalisation file .distance_marginalization_lookup.npz does not exist
09:41 INFO    : Building lookup table for distance marginalisation.
09:42 INFO    : Running for label 'full_15_parameters', output will be saved to 'outdir'
09:42 INFO    : Using lal version 7.3.1
09:42 INFO    : Using lal git version Branch: None;Tag: lalsuite-v7.15;Id: 9a0927aac5e23cd7c93ada22a24aef9e3a12a2c7;;Builder: Unknown User <>;Repository status: CLEAN: All modifications committed
09:42 INFO    : Using lalsimulation version 5.2.0
09:42 INFO    : Using lalsimulation git version Branch: None;Tag: lalsuite-v7.15;Id: 9a0927aac5e23cd7c93ada22a24aef9e3a12a2c7;;Builder: Unknown User <>;Repository status: CLEAN: All modifications committed
09:42 INFO    : Analysis priors:
09:42 INFO    : mass_ratio=Uniform(minimum=0.5, maximum=1.0, name='mass_ratio', latex_label='$q$', unit=None, boundary=None)
09:42 INFO    : chirp_mass=Uniform(minimum=10.0, maximum=100.0, name='chirp_mass', latex_label='$M$', unit='$M_{\\odot}$', boundary=None)
09:42 INFO    : dec=Cosine(minimum=-1.5707963267948966, maximum=1.5707963267948966, name='dec', latex_label='$\\mathrm{DEC}$', unit=None, boundary=None)
09:42 INFO    : ra=Uniform(minimum=0, maximum=6.283185307179586, name='ra', latex_label='$\\mathrm{RA}$', unit=None, boundary='periodic')
09:42 INFO    : theta_jn=Sine(minimum=0, maximum=3.141592653589793, name='theta_jn', latex_label='$\\theta_{JN}$', unit=None, boundary=None)
09:42 INFO    : psi=Uniform(minimum=0, maximum=3.141592653589793, name='psi', latex_label='$\\psi$', unit=None, boundary='periodic')
09:42 INFO    : a_1=Uniform(minimum=0, maximum=0.99, name='a_1', latex_label='$a_1$', unit=None, boundary=None)
09:42 INFO    : a_2=Uniform(minimum=0, maximum=0.99, name='a_2', latex_label='$a_2$', unit=None, boundary=None)
09:42 INFO    : tilt_1=Sine(minimum=0, maximum=3.141592653589793, name='tilt_1', latex_label='$\\theta_1$', unit=None, boundary=None)
09:42 INFO    : tilt_2=Sine(minimum=0, maximum=3.141592653589793, name='tilt_2', latex_label='$\\theta_2$', unit=None, boundary=None)
09:42 INFO    : phi_12=Uniform(minimum=0, maximum=6.283185307179586, name='phi_12', latex_label='$\\Delta\\phi$', unit=None, boundary='periodic')
09:42 INFO    : phi_jl=Uniform(minimum=0, maximum=6.283185307179586, name='phi_jl', latex_label='$\\phi_{JL}$', unit=None, boundary='periodic')
09:42 INFO    : time_jitter=Uniform(minimum=-0.00048828125, maximum=0.00048828125, name='time_jitter', latex_label='$t_j$', unit=None, boundary='periodic')
09:42 INFO    : luminosity_distance=3382.9535676088985
09:42 INFO    : phase=0.0
09:42 INFO    : geocent_time=1126259639.413
09:42 INFO    : Analysis likelihood class: <class 'bilby.gw.likelihood.base.GravitationalWaveTransient'>
09:42 INFO    : Analysis likelihood noise evidence: -8111.161748397406
09:42 INFO    : Single likelihood evaluation took 1.088e-03 s
09:42 WARNING : Supplied argument 'npoints' not an argument of 'Dynesty', removing.
09:42 WARNING : Supplied argument 'n_checkpoint' not an argument of 'Dynesty', removing.
09:42 INFO    : Using sampler Dynesty with kwargs {'nlive': 256, 'bound': 'live', 'sample': 'act-walk', 'periodic': None, 'reflective': None, 'update_interval': 600, 'first_update': None, 'npdim': None, 'rstate': None, 'queue_size': 1, 'pool': None, 'use_pool': None, 'live_points': None, 'logl_args': None, 'logl_kwargs': None, 'ptform_args': None, 'ptform_kwargs': None, 'gradient': None, 'grad_args': None, 'grad_kwargs': None, 'compute_jac': False, 'enlarge': None, 'bootstrap': None, 'walks': 100, 'facc': 0.2, 'slices': None, 'fmove': 0.9, 'max_move': 100, 'update_func': None, 'ncdim': None, 'blob': False, 'save_history': False, 'history_filename': None, 'maxiter': None, 'maxcall': None, 'dlogz': 0.25, 'logl_max': inf, 'n_effective': None, 'add_live': True, 'print_progress': True, 'print_func': <bound method Dynesty._print_func of <bilby.core.sampler.dynesty.Dynesty object at 0x1736558b0>>, 'save_bounds': False, 'checkpoint_file': None, 'checkpoint_every': 60, 'resume': False}
09:42 INFO    : Checkpoint every check_point_delta_t = 600s
09:42 INFO    : Using dynesty version 2.1.2
09:42 INFO    : Using the bilby-implemented rwalk sampling tracking the autocorrelation function and thinning by 2 with maximum length 2000
09:42 INFO    : Resume file outdir/full_15_parameters_resume.pickle does not exist.
09:42 INFO    : Generating initial points from the prior
09:53 INFO    : Written checkpoint file outdir/full_15_parameters_resume.pickle
10:03 INFO    : Written checkpoint file outdir/full_15_parameters_resume.pickle
10:14 INFO    : Written checkpoint file outdir/full_15_parameters_resume.pickle
10:25 INFO    : Written checkpoint file outdir/full_15_parameters_resume.pickle
10:39 INFO    : Written checkpoint file outdir/full_15_parameters_resume.pickle
10:54 INFO    : Written checkpoint file outdir/full_15_parameters_resume.pickle
11:05 INFO    : Written checkpoint file outdir/full_15_parameters_resume.pickle
11:05 INFO    : Written checkpoint file outdir/full_15_parameters_resume.pickle
11:05 INFO    : Rejection sampling nested samples to obtain 1056 posterior samples
11:05 INFO    : Sampling time: 1:23:43.773526
11:05 INFO    : Computing per-detector log likelihoods.
11:05 INFO    : Reconstructing marginalised parameters.
11:06 INFO    : Generating sky frame parameters.
11:06 INFO    : Computing SNRs for every sample.
11:06 INFO    : Summary of results:
nsamples: 1056
ln_noise_evidence: -8111.162
ln_evidence: -8003.846 +/-  0.312
ln_bayes_factor: 107.316 +/-  0.312

