23:59 INFO    : Waveform generator initiated with
  frequency_domain_source_model: bilby.gw.source.lal_binary_black_hole
  time_domain_source_model: None
  parameter_conversion: bilby.gw.conversion.convert_to_lal_binary_black_hole_parameters
23:59 INFO    : Injected signal in H1:
23:59 INFO    :   optimal SNR = 9.05
23:59 INFO    :   matched filter SNR = 10.30-1.36j
23:59 INFO    :   mass_1 = 36.0
23:59 INFO    :   mass_2 = 29.0
23:59 INFO    :   a_1 = 0.4
23:59 INFO    :   a_2 = 0.3
23:59 INFO    :   tilt_1 = 0.5
23:59 INFO    :   tilt_2 = 1.0
23:59 INFO    :   phi_12 = 1.7
23:59 INFO    :   phi_jl = 0.3
23:59 INFO    :   luminosity_distance = 2000.0
23:59 INFO    :   theta_jn = 0.4
23:59 INFO    :   psi = 2.659
23:59 INFO    :   phase = 1.3
23:59 INFO    :   geocent_time = 1241816266
23:59 INFO    :   ra = 1.375
23:59 INFO    :   dec = -1.2108
23:59 INFO    : Injected signal in L1:
23:59 INFO    :   optimal SNR = 7.13
23:59 INFO    :   matched filter SNR = 7.36+0.36j
23:59 INFO    :   mass_1 = 36.0
23:59 INFO    :   mass_2 = 29.0
23:59 INFO    :   a_1 = 0.4
23:59 INFO    :   a_2 = 0.3
23:59 INFO    :   tilt_1 = 0.5
23:59 INFO    :   tilt_2 = 1.0
23:59 INFO    :   phi_12 = 1.7
23:59 INFO    :   phi_jl = 0.3
23:59 INFO    :   luminosity_distance = 2000.0
23:59 INFO    :   theta_jn = 0.4
23:59 INFO    :   psi = 2.659
23:59 INFO    :   phase = 1.3
23:59 INFO    :   geocent_time = 1241816266
23:59 INFO    :   ra = 1.375
23:59 INFO    :   dec = -1.2108
23:59 INFO    : Injected signal in V1:
23:59 INFO    :   optimal SNR = 11.57
23:59 INFO    :   matched filter SNR = 11.70+1.77j
23:59 INFO    :   mass_1 = 36.0
23:59 INFO    :   mass_2 = 29.0
23:59 INFO    :   a_1 = 0.4
23:59 INFO    :   a_2 = 0.3
23:59 INFO    :   tilt_1 = 0.5
23:59 INFO    :   tilt_2 = 1.0
23:59 INFO    :   phi_12 = 1.7
23:59 INFO    :   phi_jl = 0.3
23:59 INFO    :   luminosity_distance = 2000.0
23:59 INFO    :   theta_jn = 0.4
23:59 INFO    :   psi = 2.659
23:59 INFO    :   phase = 1.3
23:59 INFO    :   geocent_time = 1241816266
23:59 INFO    :   ra = 1.375
23:59 INFO    :   dec = -1.2108
23:59 INFO    : No prior given, using default BBH priors in /Users/dhruv/Library/Python/3.9/lib/python/site-packages/bilby/gw/prior_files/precessing_spins_bbh.prior.
23:59 INFO    : Loaded distance marginalisation lookup table from .distance_marginalization_lookup.npz.
23:59 INFO    : Running for label 'full_15_parameters', output will be saved to 'outdir'
23:59 INFO    : Using lal version 7.3.1
23:59 INFO    : Using lal git version Branch: None;Tag: lalsuite-v7.15;Id: 9a0927aac5e23cd7c93ada22a24aef9e3a12a2c7;;Builder: Unknown User <>;Repository status: CLEAN: All modifications committed
23:59 INFO    : Using lalsimulation version 5.2.0
23:59 INFO    : Using lalsimulation git version Branch: None;Tag: lalsuite-v7.15;Id: 9a0927aac5e23cd7c93ada22a24aef9e3a12a2c7;;Builder: Unknown User <>;Repository status: CLEAN: All modifications committed
23:59 INFO    : Analysis priors:
23:59 INFO    : mass_ratio=Uniform(minimum=0.5, maximum=1.0, name='mass_ratio', latex_label='$q$', unit=None, boundary=None)
23:59 INFO    : chirp_mass=Uniform(minimum=10.0, maximum=100.0, name='chirp_mass', latex_label='$M$', unit='$M_{\\odot}$', boundary=None)
23:59 INFO    : dec=Cosine(minimum=-1.5707963267948966, maximum=1.5707963267948966, name='dec', latex_label='$\\mathrm{DEC}$', unit=None, boundary=None)
23:59 INFO    : ra=Uniform(minimum=0, maximum=6.283185307179586, name='ra', latex_label='$\\mathrm{RA}$', unit=None, boundary='periodic')
23:59 INFO    : theta_jn=Sine(minimum=0, maximum=3.141592653589793, name='theta_jn', latex_label='$\\theta_{JN}$', unit=None, boundary=None)
23:59 INFO    : psi=Uniform(minimum=0, maximum=3.141592653589793, name='psi', latex_label='$\\psi$', unit=None, boundary='periodic')
23:59 INFO    : a_1=Uniform(minimum=0, maximum=0.99, name='a_1', latex_label='$a_1$', unit=None, boundary=None)
23:59 INFO    : a_2=Uniform(minimum=0, maximum=0.99, name='a_2', latex_label='$a_2$', unit=None, boundary=None)
23:59 INFO    : tilt_1=Sine(minimum=0, maximum=3.141592653589793, name='tilt_1', latex_label='$\\theta_1$', unit=None, boundary=None)
23:59 INFO    : tilt_2=Sine(minimum=0, maximum=3.141592653589793, name='tilt_2', latex_label='$\\theta_2$', unit=None, boundary=None)
23:59 INFO    : phi_12=Uniform(minimum=0, maximum=6.283185307179586, name='phi_12', latex_label='$\\Delta\\phi$', unit=None, boundary='periodic')
23:59 INFO    : phi_jl=Uniform(minimum=0, maximum=6.283185307179586, name='phi_jl', latex_label='$\\phi_{JL}$', unit=None, boundary='periodic')
23:59 INFO    : time_jitter=Uniform(minimum=-0.00048828125, maximum=0.00048828125, name='time_jitter', latex_label='$t_j$', unit=None, boundary='periodic')
23:59 INFO    : luminosity_distance=3382.9535676088985
23:59 INFO    : phase=0.0
23:59 INFO    : geocent_time=1241816263.0
23:59 INFO    : Analysis likelihood class: <class 'bilby.gw.likelihood.base.GravitationalWaveTransient'>
23:59 INFO    : Analysis likelihood noise evidence: -12175.42798143833
23:59 INFO    : Single likelihood evaluation took 1.282e-03 s
23:59 WARNING : Supplied argument 'npoints' not an argument of 'Dynesty', removing.
23:59 WARNING : Supplied argument 'n_checkpoint' not an argument of 'Dynesty', removing.
23:59 INFO    : Using sampler Dynesty with kwargs {'nlive': 512, 'bound': 'live', 'sample': 'act-walk', 'periodic': None, 'reflective': None, 'update_interval': 600, 'first_update': None, 'npdim': None, 'rstate': None, 'queue_size': 1, 'pool': None, 'use_pool': None, 'live_points': None, 'logl_args': None, 'logl_kwargs': None, 'ptform_args': None, 'ptform_kwargs': None, 'gradient': None, 'grad_args': None, 'grad_kwargs': None, 'compute_jac': False, 'enlarge': None, 'bootstrap': None, 'walks': 100, 'facc': 0.2, 'slices': None, 'fmove': 0.9, 'max_move': 100, 'update_func': None, 'ncdim': None, 'blob': False, 'save_history': False, 'history_filename': None, 'maxiter': None, 'maxcall': None, 'dlogz': 0.2, 'logl_max': inf, 'n_effective': None, 'add_live': True, 'print_progress': True, 'print_func': <bound method Dynesty._print_func of <bilby.core.sampler.dynesty.Dynesty object at 0x16a7abb50>>, 'save_bounds': False, 'checkpoint_file': None, 'checkpoint_every': 60, 'resume': False}
23:59 INFO    : Checkpoint every check_point_delta_t = 600s
23:59 INFO    : Using dynesty version 2.1.2
23:59 INFO    : Using the bilby-implemented rwalk sampling tracking the autocorrelation function and thinning by 2 with maximum length 2000
23:59 INFO    : Resume file outdir/full_15_parameters_resume.pickle does not exist.
23:59 INFO    : Generating initial points from the prior
00:10 INFO    : Written checkpoint file outdir/full_15_parameters_resume.pickle
00:27 INFO    : Written checkpoint file outdir/full_15_parameters_resume.pickle
02:32 INFO    : Written checkpoint file outdir/full_15_parameters_resume.pickle
04:07 INFO    : Written checkpoint file outdir/full_15_parameters_resume.pickle
06:05 INFO    : Written checkpoint file outdir/full_15_parameters_resume.pickle
08:12 INFO    : Written checkpoint file outdir/full_15_parameters_resume.pickle
08:40 INFO    : Written checkpoint file outdir/full_15_parameters_resume.pickle
09:17 INFO    : Written checkpoint file outdir/full_15_parameters_resume.pickle
09:28 INFO    : Written checkpoint file outdir/full_15_parameters_resume.pickle
09:39 INFO    : Written checkpoint file outdir/full_15_parameters_resume.pickle
09:49 INFO    : Written checkpoint file outdir/full_15_parameters_resume.pickle
10:00 INFO    : Written checkpoint file outdir/full_15_parameters_resume.pickle
09:09 INFO    : Waveform generator initiated with
  frequency_domain_source_model: bilby.gw.source.lal_binary_black_hole
  time_domain_source_model: None
  parameter_conversion: bilby.gw.conversion.convert_to_lal_binary_black_hole_parameters
09:09 INFO    : Injected signal in H1:
09:09 INFO    :   optimal SNR = 9.05
09:09 INFO    :   matched filter SNR = 10.30-1.36j
09:09 INFO    :   mass_1 = 36.0
09:09 INFO    :   mass_2 = 29.0
09:09 INFO    :   a_1 = 0.4
09:09 INFO    :   a_2 = 0.3
09:09 INFO    :   tilt_1 = 0.5
09:09 INFO    :   tilt_2 = 1.0
09:09 INFO    :   phi_12 = 1.7
09:09 INFO    :   phi_jl = 0.3
09:09 INFO    :   luminosity_distance = 2000.0
09:09 INFO    :   theta_jn = 0.4
09:09 INFO    :   psi = 2.659
09:09 INFO    :   phase = 1.3
09:09 INFO    :   geocent_time = 1241816266
09:09 INFO    :   ra = 1.375
09:09 INFO    :   dec = -1.2108
09:09 INFO    : Injected signal in L1:
09:09 INFO    :   optimal SNR = 7.13
09:09 INFO    :   matched filter SNR = 7.36+0.36j
09:09 INFO    :   mass_1 = 36.0
09:09 INFO    :   mass_2 = 29.0
09:09 INFO    :   a_1 = 0.4
09:09 INFO    :   a_2 = 0.3
09:09 INFO    :   tilt_1 = 0.5
09:09 INFO    :   tilt_2 = 1.0
09:09 INFO    :   phi_12 = 1.7
09:09 INFO    :   phi_jl = 0.3
09:09 INFO    :   luminosity_distance = 2000.0
09:09 INFO    :   theta_jn = 0.4
09:09 INFO    :   psi = 2.659
09:09 INFO    :   phase = 1.3
09:09 INFO    :   geocent_time = 1241816266
09:09 INFO    :   ra = 1.375
09:09 INFO    :   dec = -1.2108
09:09 INFO    : Injected signal in V1:
09:09 INFO    :   optimal SNR = 11.57
09:09 INFO    :   matched filter SNR = 11.70+1.77j
09:09 INFO    :   mass_1 = 36.0
09:09 INFO    :   mass_2 = 29.0
09:09 INFO    :   a_1 = 0.4
09:09 INFO    :   a_2 = 0.3
09:09 INFO    :   tilt_1 = 0.5
09:09 INFO    :   tilt_2 = 1.0
09:09 INFO    :   phi_12 = 1.7
09:09 INFO    :   phi_jl = 0.3
09:09 INFO    :   luminosity_distance = 2000.0
09:09 INFO    :   theta_jn = 0.4
09:09 INFO    :   psi = 2.659
09:09 INFO    :   phase = 1.3
09:09 INFO    :   geocent_time = 1241816266
09:09 INFO    :   ra = 1.375
09:09 INFO    :   dec = -1.2108
09:09 INFO    : No prior given, using default BBH priors in /Users/dhruv/Library/Python/3.9/lib/python/site-packages/bilby/gw/prior_files/precessing_spins_bbh.prior.
09:09 INFO    : Loaded distance marginalisation lookup table from .distance_marginalization_lookup.npz.
09:09 INFO    : Running for label 'full_15_parameters', output will be saved to 'outdir'
09:09 INFO    : Using lal version 7.3.1
09:09 INFO    : Using lal git version Branch: None;Tag: lalsuite-v7.15;Id: 9a0927aac5e23cd7c93ada22a24aef9e3a12a2c7;;Builder: Unknown User <>;Repository status: CLEAN: All modifications committed
09:09 INFO    : Using lalsimulation version 5.2.0
09:09 INFO    : Using lalsimulation git version Branch: None;Tag: lalsuite-v7.15;Id: 9a0927aac5e23cd7c93ada22a24aef9e3a12a2c7;;Builder: Unknown User <>;Repository status: CLEAN: All modifications committed
09:09 INFO    : Analysis priors:
09:09 INFO    : mass_ratio=Uniform(minimum=0.5, maximum=1.0, name='mass_ratio', latex_label='$q$', unit=None, boundary=None)
09:09 INFO    : chirp_mass=Uniform(minimum=10.0, maximum=100.0, name='chirp_mass', latex_label='$M$', unit='$M_{\\odot}$', boundary=None)
09:09 INFO    : dec=Cosine(minimum=-1.5707963267948966, maximum=1.5707963267948966, name='dec', latex_label='$\\mathrm{DEC}$', unit=None, boundary=None)
09:09 INFO    : ra=Uniform(minimum=0, maximum=6.283185307179586, name='ra', latex_label='$\\mathrm{RA}$', unit=None, boundary='periodic')
09:09 INFO    : theta_jn=Sine(minimum=0, maximum=3.141592653589793, name='theta_jn', latex_label='$\\theta_{JN}$', unit=None, boundary=None)
09:09 INFO    : psi=Uniform(minimum=0, maximum=3.141592653589793, name='psi', latex_label='$\\psi$', unit=None, boundary='periodic')
09:09 INFO    : a_1=Uniform(minimum=0, maximum=0.99, name='a_1', latex_label='$a_1$', unit=None, boundary=None)
09:09 INFO    : a_2=Uniform(minimum=0, maximum=0.99, name='a_2', latex_label='$a_2$', unit=None, boundary=None)
09:09 INFO    : tilt_1=Sine(minimum=0, maximum=3.141592653589793, name='tilt_1', latex_label='$\\theta_1$', unit=None, boundary=None)
09:09 INFO    : tilt_2=Sine(minimum=0, maximum=3.141592653589793, name='tilt_2', latex_label='$\\theta_2$', unit=None, boundary=None)
09:09 INFO    : phi_12=Uniform(minimum=0, maximum=6.283185307179586, name='phi_12', latex_label='$\\Delta\\phi$', unit=None, boundary='periodic')
09:09 INFO    : phi_jl=Uniform(minimum=0, maximum=6.283185307179586, name='phi_jl', latex_label='$\\phi_{JL}$', unit=None, boundary='periodic')
09:09 INFO    : time_jitter=Uniform(minimum=-0.00048828125, maximum=0.00048828125, name='time_jitter', latex_label='$t_j$', unit=None, boundary='periodic')
09:09 INFO    : luminosity_distance=3382.9535676088985
09:09 INFO    : phase=0.0
09:09 INFO    : geocent_time=1241816263.0
09:09 INFO    : Analysis likelihood class: <class 'bilby.gw.likelihood.base.GravitationalWaveTransient'>
09:09 INFO    : Analysis likelihood noise evidence: -12175.42798143833
09:09 INFO    : Single likelihood evaluation took 1.283e-03 s
09:09 WARNING : Supplied argument 'npoints' not an argument of 'Dynesty', removing.
09:09 WARNING : Supplied argument 'n_checkpoint' not an argument of 'Dynesty', removing.
09:09 INFO    : Using sampler Dynesty with kwargs {'nlive': 512, 'bound': 'live', 'sample': 'act-walk', 'periodic': None, 'reflective': None, 'update_interval': 600, 'first_update': None, 'npdim': None, 'rstate': None, 'queue_size': 1, 'pool': None, 'use_pool': None, 'live_points': None, 'logl_args': None, 'logl_kwargs': None, 'ptform_args': None, 'ptform_kwargs': None, 'gradient': None, 'grad_args': None, 'grad_kwargs': None, 'compute_jac': False, 'enlarge': None, 'bootstrap': None, 'walks': 100, 'facc': 0.2, 'slices': None, 'fmove': 0.9, 'max_move': 100, 'update_func': None, 'ncdim': None, 'blob': False, 'save_history': False, 'history_filename': None, 'maxiter': None, 'maxcall': None, 'dlogz': 0.2, 'logl_max': inf, 'n_effective': None, 'add_live': True, 'print_progress': True, 'print_func': <bound method Dynesty._print_func of <bilby.core.sampler.dynesty.Dynesty object at 0x139dbbd30>>, 'save_bounds': False, 'checkpoint_file': None, 'checkpoint_every': 60, 'resume': False}
09:09 INFO    : Checkpoint every check_point_delta_t = 600s
09:09 INFO    : Using dynesty version 2.1.2
09:09 INFO    : Using the bilby-implemented rwalk sampling tracking the autocorrelation function and thinning by 2 with maximum length 2000
09:09 INFO    : Reading resume file outdir/full_15_parameters_resume.pickle
09:09 INFO    : Resume file successfully loaded.
09:10 INFO    : Written checkpoint file outdir/full_15_parameters_resume.pickle
09:21 INFO    : Written checkpoint file outdir/full_15_parameters_resume.pickle
09:31 INFO    : Written checkpoint file outdir/full_15_parameters_resume.pickle
09:34 INFO    : Written checkpoint file outdir/full_15_parameters_resume.pickle
09:34 INFO    : Rejection sampling nested samples to obtain 2522 posterior samples
09:34 INFO    : Sampling time: 10:26:03.978077
09:34 INFO    : Computing per-detector log likelihoods.
09:34 INFO    : Reconstructing marginalised parameters.
09:34 INFO    : Generating sky frame parameters.
09:34 INFO    : Computing SNRs for every sample.
09:34 INFO    : Summary of results:
nsamples: 2522
ln_noise_evidence: -12175.428
ln_evidence: -12056.922 +/-  0.251
ln_bayes_factor: 118.506 +/-  0.251

