00:27 INFO    : Waveform generator initiated with
  frequency_domain_source_model: bilby.gw.source.lal_binary_black_hole
  time_domain_source_model: None
  parameter_conversion: bilby.gw.conversion.convert_to_lal_binary_black_hole_parameters
00:28 INFO    : Injected signal in H1:
00:28 INFO    :   optimal SNR = 16.89
00:28 INFO    :   matched filter SNR = 15.84-0.08j
00:28 INFO    :   mass_1 = 36.0
00:28 INFO    :   mass_2 = 29.0
00:28 INFO    :   a_1 = 0.4
00:28 INFO    :   a_2 = 0.3
00:28 INFO    :   tilt_1 = 0.5
00:28 INFO    :   tilt_2 = 1.0
00:28 INFO    :   phi_12 = 1.7
00:28 INFO    :   phi_jl = 0.3
00:28 INFO    :   luminosity_distance = 2000.0
00:28 INFO    :   theta_jn = 0.4
00:28 INFO    :   psi = 2.659
00:28 INFO    :   phase = 1.3
00:28 INFO    :   geocent_time = 1239198386
00:28 INFO    :   ra = 1.375
00:28 INFO    :   dec = -1.2108
00:28 INFO    : Injected signal in L1:
00:28 INFO    :   optimal SNR = 13.20
00:28 INFO    :   matched filter SNR = 12.45+0.48j
00:28 INFO    :   mass_1 = 36.0
00:28 INFO    :   mass_2 = 29.0
00:28 INFO    :   a_1 = 0.4
00:28 INFO    :   a_2 = 0.3
00:28 INFO    :   tilt_1 = 0.5
00:28 INFO    :   tilt_2 = 1.0
00:28 INFO    :   phi_12 = 1.7
00:28 INFO    :   phi_jl = 0.3
00:28 INFO    :   luminosity_distance = 2000.0
00:28 INFO    :   theta_jn = 0.4
00:28 INFO    :   psi = 2.659
00:28 INFO    :   phase = 1.3
00:28 INFO    :   geocent_time = 1239198386
00:28 INFO    :   ra = 1.375
00:28 INFO    :   dec = -1.2108
00:28 INFO    : Injected signal in V1:
00:28 INFO    :   optimal SNR = 6.97
00:28 INFO    :   matched filter SNR = 7.40+0.42j
00:28 INFO    :   mass_1 = 36.0
00:28 INFO    :   mass_2 = 29.0
00:28 INFO    :   a_1 = 0.4
00:28 INFO    :   a_2 = 0.3
00:28 INFO    :   tilt_1 = 0.5
00:28 INFO    :   tilt_2 = 1.0
00:28 INFO    :   phi_12 = 1.7
00:28 INFO    :   phi_jl = 0.3
00:28 INFO    :   luminosity_distance = 2000.0
00:28 INFO    :   theta_jn = 0.4
00:28 INFO    :   psi = 2.659
00:28 INFO    :   phase = 1.3
00:28 INFO    :   geocent_time = 1239198386
00:28 INFO    :   ra = 1.375
00:28 INFO    :   dec = -1.2108
00:28 INFO    : No prior given, using default BBH priors in /Users/dhruv/Library/Python/3.9/lib/python/site-packages/bilby/gw/prior_files/precessing_spins_bbh.prior.
00:28 INFO    : Loaded distance marginalisation lookup table from .distance_marginalization_lookup.npz.
00:28 INFO    : Running for label 'full_15_parameters', output will be saved to 'outdir'
00:28 INFO    : Using lal version 7.3.1
00:28 INFO    : Using lal git version Branch: None;Tag: lalsuite-v7.15;Id: 9a0927aac5e23cd7c93ada22a24aef9e3a12a2c7;;Builder: Unknown User <>;Repository status: CLEAN: All modifications committed
00:28 INFO    : Using lalsimulation version 5.2.0
00:28 INFO    : Using lalsimulation git version Branch: None;Tag: lalsuite-v7.15;Id: 9a0927aac5e23cd7c93ada22a24aef9e3a12a2c7;;Builder: Unknown User <>;Repository status: CLEAN: All modifications committed
00:28 INFO    : Analysis priors:
00:28 INFO    : mass_ratio=Uniform(minimum=0.5, maximum=1.0, name='mass_ratio', latex_label='$q$', unit=None, boundary=None)
00:28 INFO    : chirp_mass=Uniform(minimum=10.0, maximum=100.0, name='chirp_mass', latex_label='$M$', unit='$M_{\\odot}$', boundary=None)
00:28 INFO    : dec=Cosine(minimum=-1.5707963267948966, maximum=1.5707963267948966, name='dec', latex_label='$\\mathrm{DEC}$', unit=None, boundary=None)
00:28 INFO    : ra=Uniform(minimum=0, maximum=6.283185307179586, name='ra', latex_label='$\\mathrm{RA}$', unit=None, boundary='periodic')
00:28 INFO    : theta_jn=Sine(minimum=0, maximum=3.141592653589793, name='theta_jn', latex_label='$\\theta_{JN}$', unit=None, boundary=None)
00:28 INFO    : psi=Uniform(minimum=0, maximum=3.141592653589793, name='psi', latex_label='$\\psi$', unit=None, boundary='periodic')
00:28 INFO    : a_1=Uniform(minimum=0, maximum=0.99, name='a_1', latex_label='$a_1$', unit=None, boundary=None)
00:28 INFO    : a_2=Uniform(minimum=0, maximum=0.99, name='a_2', latex_label='$a_2$', unit=None, boundary=None)
00:28 INFO    : tilt_1=Sine(minimum=0, maximum=3.141592653589793, name='tilt_1', latex_label='$\\theta_1$', unit=None, boundary=None)
00:28 INFO    : tilt_2=Sine(minimum=0, maximum=3.141592653589793, name='tilt_2', latex_label='$\\theta_2$', unit=None, boundary=None)
00:28 INFO    : phi_12=Uniform(minimum=0, maximum=6.283185307179586, name='phi_12', latex_label='$\\Delta\\phi$', unit=None, boundary='periodic')
00:28 INFO    : phi_jl=Uniform(minimum=0, maximum=6.283185307179586, name='phi_jl', latex_label='$\\phi_{JL}$', unit=None, boundary='periodic')
00:28 INFO    : time_jitter=Uniform(minimum=-0.00048828125, maximum=0.00048828125, name='time_jitter', latex_label='$t_j$', unit=None, boundary='periodic')
00:28 INFO    : luminosity_distance=3382.9535676088985
00:28 INFO    : phase=0.0
00:28 INFO    : geocent_time=1239198383.0
00:28 INFO    : Analysis likelihood class: <class 'bilby.gw.likelihood.base.GravitationalWaveTransient'>
00:28 INFO    : Analysis likelihood noise evidence: -12256.995987964967
00:28 INFO    : Single likelihood evaluation took 1.313e-03 s
00:28 WARNING : Supplied argument 'npoints' not an argument of 'Dynesty', removing.
00:28 WARNING : Supplied argument 'n_checkpoint' not an argument of 'Dynesty', removing.
00:28 INFO    : Using sampler Dynesty with kwargs {'nlive': 512, 'bound': 'live', 'sample': 'act-walk', 'periodic': None, 'reflective': None, 'update_interval': 600, 'first_update': None, 'npdim': None, 'rstate': None, 'queue_size': 1, 'pool': None, 'use_pool': None, 'live_points': None, 'logl_args': None, 'logl_kwargs': None, 'ptform_args': None, 'ptform_kwargs': None, 'gradient': None, 'grad_args': None, 'grad_kwargs': None, 'compute_jac': False, 'enlarge': None, 'bootstrap': None, 'walks': 100, 'facc': 0.2, 'slices': None, 'fmove': 0.9, 'max_move': 100, 'update_func': None, 'ncdim': None, 'blob': False, 'save_history': False, 'history_filename': None, 'maxiter': None, 'maxcall': None, 'dlogz': 0.2, 'logl_max': inf, 'n_effective': None, 'add_live': True, 'print_progress': True, 'print_func': <bound method Dynesty._print_func of <bilby.core.sampler.dynesty.Dynesty object at 0x15c32ab50>>, 'save_bounds': False, 'checkpoint_file': None, 'checkpoint_every': 60, 'resume': False}
00:28 INFO    : Checkpoint every check_point_delta_t = 600s
00:28 INFO    : Using dynesty version 2.1.2
00:28 INFO    : Using the bilby-implemented rwalk sampling tracking the autocorrelation function and thinning by 2 with maximum length 2000
00:28 INFO    : Resume file outdir/full_15_parameters_resume.pickle does not exist.
00:28 INFO    : Generating initial points from the prior
00:38 INFO    : Written checkpoint file outdir/full_15_parameters_resume.pickle
00:48 INFO    : Written checkpoint file outdir/full_15_parameters_resume.pickle
01:11 INFO    : Written checkpoint file outdir/full_15_parameters_resume.pickle
01:28 INFO    : Written checkpoint file outdir/full_15_parameters_resume.pickle
01:42 INFO    : Written checkpoint file outdir/full_15_parameters_resume.pickle
02:00 INFO    : Written checkpoint file outdir/full_15_parameters_resume.pickle
02:32 INFO    : Written checkpoint file outdir/full_15_parameters_resume.pickle
03:03 INFO    : Written checkpoint file outdir/full_15_parameters_resume.pickle
03:20 INFO    : Written checkpoint file outdir/full_15_parameters_resume.pickle
03:45 INFO    : Written checkpoint file outdir/full_15_parameters_resume.pickle
04:05 INFO    : Written checkpoint file outdir/full_15_parameters_resume.pickle
04:23 INFO    : Written checkpoint file outdir/full_15_parameters_resume.pickle
04:39 INFO    : Written checkpoint file outdir/full_15_parameters_resume.pickle
05:12 INFO    : Written checkpoint file outdir/full_15_parameters_resume.pickle
05:29 INFO    : Written checkpoint file outdir/full_15_parameters_resume.pickle
05:47 INFO    : Written checkpoint file outdir/full_15_parameters_resume.pickle
06:19 INFO    : Written checkpoint file outdir/full_15_parameters_resume.pickle
06:35 INFO    : Written checkpoint file outdir/full_15_parameters_resume.pickle
07:10 INFO    : Written checkpoint file outdir/full_15_parameters_resume.pickle
07:27 INFO    : Written checkpoint file outdir/full_15_parameters_resume.pickle
07:44 INFO    : Written checkpoint file outdir/full_15_parameters_resume.pickle
08:12 INFO    : Written checkpoint file outdir/full_15_parameters_resume.pickle
08:22 INFO    : Written checkpoint file outdir/full_15_parameters_resume.pickle
08:38 INFO    : Written checkpoint file outdir/full_15_parameters_resume.pickle
08:51 INFO    : Written checkpoint file outdir/full_15_parameters_resume.pickle
09:08 INFO    : Written checkpoint file outdir/full_15_parameters_resume.pickle
09:19 INFO    : Written checkpoint file outdir/full_15_parameters_resume.pickle
09:32 INFO    : Written checkpoint file outdir/full_15_parameters_resume.pickle
09:54 INFO    : Written checkpoint file outdir/full_15_parameters_resume.pickle
10:04 INFO    : Written checkpoint file outdir/full_15_parameters_resume.pickle
10:15 INFO    : Written checkpoint file outdir/full_15_parameters_resume.pickle
10:26 INFO    : Written checkpoint file outdir/full_15_parameters_resume.pickle
10:37 INFO    : Written checkpoint file outdir/full_15_parameters_resume.pickle
10:48 INFO    : Written checkpoint file outdir/full_15_parameters_resume.pickle
10:59 INFO    : Written checkpoint file outdir/full_15_parameters_resume.pickle
11:10 INFO    : Written checkpoint file outdir/full_15_parameters_resume.pickle
11:20 INFO    : Written checkpoint file outdir/full_15_parameters_resume.pickle
11:24 INFO    : Written checkpoint file outdir/full_15_parameters_resume.pickle
11:24 INFO    : Rejection sampling nested samples to obtain 2570 posterior samples
11:24 INFO    : Sampling time: 10:56:38.538197
11:24 INFO    : Computing per-detector log likelihoods.
11:24 INFO    : Reconstructing marginalised parameters.
11:25 INFO    : Generating sky frame parameters.
11:25 INFO    : Computing SNRs for every sample.
11:25 INFO    : Summary of results:
nsamples: 2570
ln_noise_evidence: -12256.996
ln_evidence: -12058.432 +/-  0.229
ln_bayes_factor: 198.564 +/-  0.229

