08:19 INFO    : Waveform generator initiated with
  frequency_domain_source_model: bilby.gw.source.lal_binary_black_hole
  time_domain_source_model: None
  parameter_conversion: bilby.gw.conversion.convert_to_lal_binary_black_hole_parameters
08:19 INFO    : Injected signal in H1:
08:19 INFO    :   optimal SNR = 12.37
08:19 INFO    :   matched filter SNR = 12.00+0.20j
08:19 INFO    :   mass_1 = 36.0
08:19 INFO    :   mass_2 = 29.0
08:19 INFO    :   a_1 = 0.4
08:19 INFO    :   a_2 = 0.3
08:19 INFO    :   tilt_1 = 0.5
08:19 INFO    :   tilt_2 = 1.0
08:19 INFO    :   phi_12 = 1.7
08:19 INFO    :   phi_jl = 0.3
08:19 INFO    :   luminosity_distance = 2000.0
08:19 INFO    :   theta_jn = 0.4
08:19 INFO    :   psi = 2.659
08:19 INFO    :   phase = 1.3
08:19 INFO    :   geocent_time = 1502019943
08:19 INFO    :   ra = 1.375
08:19 INFO    :   dec = -1.2108
08:19 INFO    : Injected signal in L1:
08:19 INFO    :   optimal SNR = 9.93
08:19 INFO    :   matched filter SNR = 11.59+0.52j
08:19 INFO    :   mass_1 = 36.0
08:19 INFO    :   mass_2 = 29.0
08:19 INFO    :   a_1 = 0.4
08:19 INFO    :   a_2 = 0.3
08:19 INFO    :   tilt_1 = 0.5
08:19 INFO    :   tilt_2 = 1.0
08:19 INFO    :   phi_12 = 1.7
08:19 INFO    :   phi_jl = 0.3
08:19 INFO    :   luminosity_distance = 2000.0
08:19 INFO    :   theta_jn = 0.4
08:19 INFO    :   psi = 2.659
08:19 INFO    :   phase = 1.3
08:19 INFO    :   geocent_time = 1502019943
08:19 INFO    :   ra = 1.375
08:19 INFO    :   dec = -1.2108
08:19 INFO    : Injected signal in V1:
08:19 INFO    :   optimal SNR = 9.55
08:19 INFO    :   matched filter SNR = 9.40-0.28j
08:19 INFO    :   mass_1 = 36.0
08:19 INFO    :   mass_2 = 29.0
08:19 INFO    :   a_1 = 0.4
08:19 INFO    :   a_2 = 0.3
08:19 INFO    :   tilt_1 = 0.5
08:19 INFO    :   tilt_2 = 1.0
08:19 INFO    :   phi_12 = 1.7
08:19 INFO    :   phi_jl = 0.3
08:19 INFO    :   luminosity_distance = 2000.0
08:19 INFO    :   theta_jn = 0.4
08:19 INFO    :   psi = 2.659
08:19 INFO    :   phase = 1.3
08:19 INFO    :   geocent_time = 1502019943
08:19 INFO    :   ra = 1.375
08:19 INFO    :   dec = -1.2108
08:19 INFO    : No prior given, using default BBH priors in /Users/dhruv/Library/Python/3.9/lib/python/site-packages/bilby/gw/prior_files/precessing_spins_bbh.prior.
08:19 INFO    : Loaded distance marginalisation lookup table from .distance_marginalization_lookup.npz.
08:19 INFO    : Running for label 'next_genBBH', output will be saved to 'outdir'
08:19 INFO    : Using lal version 7.3.1
08:19 INFO    : Using lal git version Branch: None;Tag: lalsuite-v7.15;Id: 9a0927aac5e23cd7c93ada22a24aef9e3a12a2c7;;Builder: Unknown User <>;Repository status: CLEAN: All modifications committed
08:19 INFO    : Using lalsimulation version 5.2.0
08:19 INFO    : Using lalsimulation git version Branch: None;Tag: lalsuite-v7.15;Id: 9a0927aac5e23cd7c93ada22a24aef9e3a12a2c7;;Builder: Unknown User <>;Repository status: CLEAN: All modifications committed
08:19 INFO    : Analysis priors:
08:19 INFO    : mass_ratio=bilby.gw.prior.UniformInComponentsMassRatio(minimum=0.125, maximum=1, name='mass_ratio', latex_label='$q$', unit=None, boundary=None, equal_mass=False)
08:19 INFO    : chirp_mass=bilby.gw.prior.UniformInComponentsChirpMass(minimum=25, maximum=100, name='chirp_mass', latex_label='$\\mathcal{M}$', unit=None, boundary=None)
08:19 INFO    : dec=Cosine(minimum=-1.5707963267948966, maximum=1.5707963267948966, name='dec', latex_label='$\\mathrm{DEC}$', unit=None, boundary=None)
08:19 INFO    : ra=Uniform(minimum=0, maximum=6.283185307179586, name='ra', latex_label='$\\mathrm{RA}$', unit=None, boundary='periodic')
08:19 INFO    : theta_jn=Sine(minimum=0, maximum=3.141592653589793, name='theta_jn', latex_label='$\\theta_{JN}$', unit=None, boundary=None)
08:19 INFO    : time_jitter=Uniform(minimum=-0.00048828125, maximum=0.00048828125, name='time_jitter', latex_label='$t_j$', unit=None, boundary='periodic')
08:19 INFO    : mass_1=Constraint(minimum=5, maximum=100, name='mass_1', latex_label='$m_1$', unit=None)
08:19 INFO    : mass_2=Constraint(minimum=5, maximum=100, name='mass_2', latex_label='$m_2$', unit=None)
08:19 INFO    : luminosity_distance=3382.9535676088985
08:19 INFO    : psi=2.659
08:19 INFO    : phase=0.0
08:19 INFO    : a_1=0.4
08:19 INFO    : a_2=0.3
08:19 INFO    : tilt_1=0.5
08:19 INFO    : tilt_2=1.0
08:19 INFO    : phi_12=1.7
08:19 INFO    : phi_jl=0.3
08:19 INFO    : geocent_time=1502019941.0
08:19 INFO    : Analysis likelihood class: <class 'bilby.gw.likelihood.base.GravitationalWaveTransient'>
08:19 INFO    : Analysis likelihood noise evidence: -12291.617710606231
08:19 INFO    : Single likelihood evaluation took 1.516e-03 s
08:19 WARNING : Supplied argument 'npoints' not an argument of 'Dynesty', removing.
08:19 WARNING : Supplied argument 'n_checkpoint' not an argument of 'Dynesty', removing.
08:19 INFO    : Using sampler Dynesty with kwargs {'nlive': 512, 'bound': 'live', 'sample': 'act-walk', 'periodic': None, 'reflective': None, 'update_interval': 600, 'first_update': None, 'npdim': None, 'rstate': None, 'queue_size': 1, 'pool': None, 'use_pool': None, 'live_points': None, 'logl_args': None, 'logl_kwargs': None, 'ptform_args': None, 'ptform_kwargs': None, 'gradient': None, 'grad_args': None, 'grad_kwargs': None, 'compute_jac': False, 'enlarge': None, 'bootstrap': None, 'walks': 100, 'facc': 0.2, 'slices': None, 'fmove': 0.9, 'max_move': 100, 'update_func': None, 'ncdim': None, 'blob': False, 'save_history': False, 'history_filename': None, 'maxiter': None, 'maxcall': None, 'dlogz': 0.2, 'logl_max': inf, 'n_effective': None, 'add_live': True, 'print_progress': True, 'print_func': <bound method Dynesty._print_func of <bilby.core.sampler.dynesty.Dynesty object at 0x159a0dd30>>, 'save_bounds': False, 'checkpoint_file': None, 'checkpoint_every': 60, 'resume': False}
08:19 INFO    : Checkpoint every check_point_delta_t = 600s
08:19 INFO    : Using dynesty version 2.1.2
08:19 INFO    : Using the bilby-implemented rwalk sampling tracking the autocorrelation function and thinning by 2 with maximum length 2000
08:19 INFO    : Resume file outdir/next_genBBH_resume.pickle does not exist.
08:19 INFO    : Generating initial points from the prior
09:12 INFO    : Written checkpoint file outdir/next_genBBH_resume.pickle
09:30 INFO    : Written checkpoint file outdir/next_genBBH_resume.pickle
10:55 INFO    : Written checkpoint file outdir/next_genBBH_resume.pickle
13:20 INFO    : Written checkpoint file outdir/next_genBBH_resume.pickle
15:15 INFO    : Written checkpoint file outdir/next_genBBH_resume.pickle
17:27 INFO    : Written checkpoint file outdir/next_genBBH_resume.pickle
18:13 INFO    : Written checkpoint file outdir/next_genBBH_resume.pickle
19:01 INFO    : Written checkpoint file outdir/next_genBBH_resume.pickle
19:11 INFO    : Written checkpoint file outdir/next_genBBH_resume.pickle
19:19 INFO    : Written checkpoint file outdir/next_genBBH_resume.pickle
19:19 INFO    : Rejection sampling nested samples to obtain 2236 posterior samples
19:19 INFO    : Sampling time: 10:59:39.003688
19:19 INFO    : Computing per-detector log likelihoods.
19:19 INFO    : Reconstructing marginalised parameters.
19:19 INFO    : Generating sky frame parameters.
19:19 INFO    : Computing SNRs for every sample.
19:20 INFO    : Summary of results:
nsamples: 2236
ln_noise_evidence: -12291.618
ln_evidence: -12137.573 +/-  0.243
ln_bayes_factor: 154.045 +/-  0.243

