14:05 INFO    : Waveform generator initiated with
  frequency_domain_source_model: bilby.gw.source.lal_binary_black_hole
  time_domain_source_model: None
  parameter_conversion: bilby.gw.conversion.convert_to_lal_binary_black_hole_parameters
14:05 INFO    : Injected signal in H1:
14:05 INFO    :   optimal SNR = 9.08
14:05 INFO    :   matched filter SNR = 8.84+2.31j
14:05 INFO    :   mass_1 = 36.0
14:05 INFO    :   mass_2 = 29.0
14:05 INFO    :   a_1 = 0.4
14:05 INFO    :   a_2 = 0.3
14:05 INFO    :   tilt_1 = 0.5
14:05 INFO    :   tilt_2 = 1.0
14:05 INFO    :   phi_12 = 1.7
14:05 INFO    :   phi_jl = 0.3
14:05 INFO    :   luminosity_distance = 2000.0
14:05 INFO    :   theta_jn = 0.4
14:05 INFO    :   psi = 2.659
14:05 INFO    :   phase = 1.3
14:05 INFO    :   geocent_time = 1185389987
14:05 INFO    :   ra = 1.375
14:05 INFO    :   dec = -1.2108
14:05 INFO    : Injected signal in L1:
14:05 INFO    :   optimal SNR = 6.74
14:05 INFO    :   matched filter SNR = 6.68-0.08j
14:05 INFO    :   mass_1 = 36.0
14:05 INFO    :   mass_2 = 29.0
14:05 INFO    :   a_1 = 0.4
14:05 INFO    :   a_2 = 0.3
14:05 INFO    :   tilt_1 = 0.5
14:05 INFO    :   tilt_2 = 1.0
14:05 INFO    :   phi_12 = 1.7
14:05 INFO    :   phi_jl = 0.3
14:05 INFO    :   luminosity_distance = 2000.0
14:05 INFO    :   theta_jn = 0.4
14:05 INFO    :   psi = 2.659
14:05 INFO    :   phase = 1.3
14:05 INFO    :   geocent_time = 1185389987
14:05 INFO    :   ra = 1.375
14:05 INFO    :   dec = -1.2108
14:05 INFO    : No prior given, using default BBH priors in /Users/dhruv/Library/Python/3.9/lib/python/site-packages/bilby/gw/prior_files/precessing_spins_bbh.prior.
14:05 INFO    : Distance marginalisation file .distance_marginalization_lookup.npz does not exist
14:05 INFO    : Building lookup table for distance marginalisation.
14:05 INFO    : Running for label 'full_15_parameters', output will be saved to 'outdir'
14:05 INFO    : Using lal version 7.3.1
14:05 INFO    : Using lal git version Branch: None;Tag: lalsuite-v7.15;Id: 9a0927aac5e23cd7c93ada22a24aef9e3a12a2c7;;Builder: Unknown User <>;Repository status: CLEAN: All modifications committed
14:05 INFO    : Using lalsimulation version 5.2.0
14:05 INFO    : Using lalsimulation git version Branch: None;Tag: lalsuite-v7.15;Id: 9a0927aac5e23cd7c93ada22a24aef9e3a12a2c7;;Builder: Unknown User <>;Repository status: CLEAN: All modifications committed
14:05 INFO    : Analysis priors:
14:05 INFO    : mass_ratio=Uniform(minimum=0.5, maximum=1.0, name='mass_ratio', latex_label='$q$', unit=None, boundary=None)
14:05 INFO    : chirp_mass=Uniform(minimum=10.0, maximum=100.0, name='chirp_mass', latex_label='$M$', unit='$M_{\\odot}$', boundary=None)
14:05 INFO    : dec=Cosine(minimum=-1.5707963267948966, maximum=1.5707963267948966, name='dec', latex_label='$\\mathrm{DEC}$', unit=None, boundary=None)
14:05 INFO    : ra=Uniform(minimum=0, maximum=6.283185307179586, name='ra', latex_label='$\\mathrm{RA}$', unit=None, boundary='periodic')
14:05 INFO    : theta_jn=Sine(minimum=0, maximum=3.141592653589793, name='theta_jn', latex_label='$\\theta_{JN}$', unit=None, boundary=None)
14:05 INFO    : psi=Uniform(minimum=0, maximum=3.141592653589793, name='psi', latex_label='$\\psi$', unit=None, boundary='periodic')
14:05 INFO    : a_1=Uniform(minimum=0, maximum=0.99, name='a_1', latex_label='$a_1$', unit=None, boundary=None)
14:05 INFO    : a_2=Uniform(minimum=0, maximum=0.99, name='a_2', latex_label='$a_2$', unit=None, boundary=None)
14:05 INFO    : tilt_1=Sine(minimum=0, maximum=3.141592653589793, name='tilt_1', latex_label='$\\theta_1$', unit=None, boundary=None)
14:05 INFO    : tilt_2=Sine(minimum=0, maximum=3.141592653589793, name='tilt_2', latex_label='$\\theta_2$', unit=None, boundary=None)
14:05 INFO    : phi_12=Uniform(minimum=0, maximum=6.283185307179586, name='phi_12', latex_label='$\\Delta\\phi$', unit=None, boundary='periodic')
14:05 INFO    : phi_jl=Uniform(minimum=0, maximum=6.283185307179586, name='phi_jl', latex_label='$\\phi_{JL}$', unit=None, boundary='periodic')
14:05 INFO    : time_jitter=Uniform(minimum=-0.00048828125, maximum=0.00048828125, name='time_jitter', latex_label='$t_j$', unit=None, boundary='periodic')
14:05 INFO    : luminosity_distance=3382.9535676088985
14:05 INFO    : phase=0.0
14:05 INFO    : geocent_time=1185389984.0
14:05 INFO    : Analysis likelihood class: <class 'bilby.gw.likelihood.base.GravitationalWaveTransient'>
14:05 INFO    : Analysis likelihood noise evidence: -8040.7057199870205
14:05 INFO    : Single likelihood evaluation took 1.045e-03 s
14:05 WARNING : Supplied argument 'npoints' not an argument of 'Dynesty', removing.
14:05 WARNING : Supplied argument 'n_checkpoint' not an argument of 'Dynesty', removing.
14:05 INFO    : Using sampler Dynesty with kwargs {'nlive': 512, 'bound': 'live', 'sample': 'act-walk', 'periodic': None, 'reflective': None, 'update_interval': 600, 'first_update': None, 'npdim': None, 'rstate': None, 'queue_size': 1, 'pool': None, 'use_pool': None, 'live_points': None, 'logl_args': None, 'logl_kwargs': None, 'ptform_args': None, 'ptform_kwargs': None, 'gradient': None, 'grad_args': None, 'grad_kwargs': None, 'compute_jac': False, 'enlarge': None, 'bootstrap': None, 'walks': 100, 'facc': 0.2, 'slices': None, 'fmove': 0.9, 'max_move': 100, 'update_func': None, 'ncdim': None, 'blob': False, 'save_history': False, 'history_filename': None, 'maxiter': None, 'maxcall': None, 'dlogz': 0.2, 'logl_max': inf, 'n_effective': None, 'add_live': True, 'print_progress': True, 'print_func': <bound method Dynesty._print_func of <bilby.core.sampler.dynesty.Dynesty object at 0x15c44a6d0>>, 'save_bounds': False, 'checkpoint_file': None, 'checkpoint_every': 60, 'resume': False}
14:05 INFO    : Checkpoint every check_point_delta_t = 600s
14:05 INFO    : Using dynesty version 2.1.2
14:05 INFO    : Using the bilby-implemented rwalk sampling tracking the autocorrelation function and thinning by 2 with maximum length 2000
14:05 INFO    : Resume file outdir/full_15_parameters_resume.pickle does not exist.
14:05 INFO    : Generating initial points from the prior
14:15 INFO    : Written checkpoint file outdir/full_15_parameters_resume.pickle
14:26 INFO    : Written checkpoint file outdir/full_15_parameters_resume.pickle
14:37 INFO    : Written checkpoint file outdir/full_15_parameters_resume.pickle
14:50 INFO    : Written checkpoint file outdir/full_15_parameters_resume.pickle
15:12 INFO    : Written checkpoint file outdir/full_15_parameters_resume.pickle
15:23 INFO    : Written checkpoint file outdir/full_15_parameters_resume.pickle
15:34 INFO    : Written checkpoint file outdir/full_15_parameters_resume.pickle
15:45 INFO    : Written checkpoint file outdir/full_15_parameters_resume.pickle
15:49 INFO    : Written checkpoint file outdir/full_15_parameters_resume.pickle
15:49 INFO    : Rejection sampling nested samples to obtain 2339 posterior samples
15:49 INFO    : Sampling time: 1:43:42.868696
15:49 INFO    : Computing per-detector log likelihoods.
15:49 INFO    : Reconstructing marginalised parameters.
15:49 INFO    : Generating sky frame parameters.
15:49 INFO    : Computing SNRs for every sample.
15:49 INFO    : Summary of results:
nsamples: 2339
ln_noise_evidence: -8040.706
ln_evidence: -8001.404 +/-  0.195
ln_bayes_factor: 39.301 +/-  0.195

