17:05 INFO    : Waveform generator initiated with
  frequency_domain_source_model: bilby.gw.source.lal_binary_black_hole
  time_domain_source_model: None
  parameter_conversion: bilby.gw.conversion.convert_to_lal_binary_black_hole_parameters
17:05 INFO    : Injected signal in H1:
17:05 INFO    :   optimal SNR = 15.01
17:05 INFO    :   matched filter SNR = 15.32-1.32j
17:05 INFO    :   mass_1 = 36.0
17:05 INFO    :   mass_2 = 29.0
17:05 INFO    :   a_1 = 0.4
17:05 INFO    :   a_2 = 0.3
17:05 INFO    :   tilt_1 = 0.5
17:05 INFO    :   tilt_2 = 1.0
17:05 INFO    :   phi_12 = 1.7
17:05 INFO    :   phi_jl = 0.3
17:05 INFO    :   luminosity_distance = 2000.0
17:05 INFO    :   theta_jn = 0.4
17:05 INFO    :   psi = 2.659
17:05 INFO    :   phase = 1.3
17:05 INFO    :   geocent_time = 1186302699
17:05 INFO    :   ra = 1.375
17:05 INFO    :   dec = -1.2108
17:05 INFO    : Injected signal in L1:
17:05 INFO    :   optimal SNR = 11.18
17:05 INFO    :   matched filter SNR = 11.06+0.23j
17:05 INFO    :   mass_1 = 36.0
17:05 INFO    :   mass_2 = 29.0
17:05 INFO    :   a_1 = 0.4
17:05 INFO    :   a_2 = 0.3
17:05 INFO    :   tilt_1 = 0.5
17:05 INFO    :   tilt_2 = 1.0
17:05 INFO    :   phi_12 = 1.7
17:05 INFO    :   phi_jl = 0.3
17:05 INFO    :   luminosity_distance = 2000.0
17:05 INFO    :   theta_jn = 0.4
17:05 INFO    :   psi = 2.659
17:05 INFO    :   phase = 1.3
17:05 INFO    :   geocent_time = 1186302699
17:05 INFO    :   ra = 1.375
17:05 INFO    :   dec = -1.2108
17:05 INFO    : No prior given, using default BBH priors in /Users/dhruv/Library/Python/3.9/lib/python/site-packages/bilby/gw/prior_files/precessing_spins_bbh.prior.
17:05 INFO    : Loaded distance marginalisation lookup table from .distance_marginalization_lookup.npz.
17:05 INFO    : Running for label 'full_15_parameters', output will be saved to 'outdir'
17:05 INFO    : Using lal version 7.3.1
17:05 INFO    : Using lal git version Branch: None;Tag: lalsuite-v7.15;Id: 9a0927aac5e23cd7c93ada22a24aef9e3a12a2c7;;Builder: Unknown User <>;Repository status: CLEAN: All modifications committed
17:05 INFO    : Using lalsimulation version 5.2.0
17:05 INFO    : Using lalsimulation git version Branch: None;Tag: lalsuite-v7.15;Id: 9a0927aac5e23cd7c93ada22a24aef9e3a12a2c7;;Builder: Unknown User <>;Repository status: CLEAN: All modifications committed
17:05 INFO    : Analysis priors:
17:05 INFO    : mass_ratio=Uniform(minimum=0.5, maximum=1.0, name='mass_ratio', latex_label='$q$', unit=None, boundary=None)
17:05 INFO    : chirp_mass=Uniform(minimum=10.0, maximum=100.0, name='chirp_mass', latex_label='$M$', unit='$M_{\\odot}$', boundary=None)
17:05 INFO    : dec=Cosine(minimum=-1.5707963267948966, maximum=1.5707963267948966, name='dec', latex_label='$\\mathrm{DEC}$', unit=None, boundary=None)
17:05 INFO    : ra=Uniform(minimum=0, maximum=6.283185307179586, name='ra', latex_label='$\\mathrm{RA}$', unit=None, boundary='periodic')
17:05 INFO    : theta_jn=Sine(minimum=0, maximum=3.141592653589793, name='theta_jn', latex_label='$\\theta_{JN}$', unit=None, boundary=None)
17:05 INFO    : psi=Uniform(minimum=0, maximum=3.141592653589793, name='psi', latex_label='$\\psi$', unit=None, boundary='periodic')
17:05 INFO    : a_1=Uniform(minimum=0, maximum=0.99, name='a_1', latex_label='$a_1$', unit=None, boundary=None)
17:05 INFO    : a_2=Uniform(minimum=0, maximum=0.99, name='a_2', latex_label='$a_2$', unit=None, boundary=None)
17:05 INFO    : tilt_1=Sine(minimum=0, maximum=3.141592653589793, name='tilt_1', latex_label='$\\theta_1$', unit=None, boundary=None)
17:05 INFO    : tilt_2=Sine(minimum=0, maximum=3.141592653589793, name='tilt_2', latex_label='$\\theta_2$', unit=None, boundary=None)
17:05 INFO    : phi_12=Uniform(minimum=0, maximum=6.283185307179586, name='phi_12', latex_label='$\\Delta\\phi$', unit=None, boundary='periodic')
17:05 INFO    : phi_jl=Uniform(minimum=0, maximum=6.283185307179586, name='phi_jl', latex_label='$\\phi_{JL}$', unit=None, boundary='periodic')
17:05 INFO    : time_jitter=Uniform(minimum=-0.00048828125, maximum=0.00048828125, name='time_jitter', latex_label='$t_j$', unit=None, boundary='periodic')
17:05 INFO    : luminosity_distance=3382.9535676088985
17:05 INFO    : phase=0.0
17:05 INFO    : geocent_time=1186302696.0
17:05 INFO    : Analysis likelihood class: <class 'bilby.gw.likelihood.base.GravitationalWaveTransient'>
17:05 INFO    : Analysis likelihood noise evidence: -8157.930684688775
17:05 INFO    : Single likelihood evaluation took 1.094e-03 s
17:05 WARNING : Supplied argument 'npoints' not an argument of 'Dynesty', removing.
17:05 WARNING : Supplied argument 'n_checkpoint' not an argument of 'Dynesty', removing.
17:05 INFO    : Using sampler Dynesty with kwargs {'nlive': 512, 'bound': 'live', 'sample': 'act-walk', 'periodic': None, 'reflective': None, 'update_interval': 600, 'first_update': None, 'npdim': None, 'rstate': None, 'queue_size': 1, 'pool': None, 'use_pool': None, 'live_points': None, 'logl_args': None, 'logl_kwargs': None, 'ptform_args': None, 'ptform_kwargs': None, 'gradient': None, 'grad_args': None, 'grad_kwargs': None, 'compute_jac': False, 'enlarge': None, 'bootstrap': None, 'walks': 100, 'facc': 0.2, 'slices': None, 'fmove': 0.9, 'max_move': 100, 'update_func': None, 'ncdim': None, 'blob': False, 'save_history': False, 'history_filename': None, 'maxiter': None, 'maxcall': None, 'dlogz': 0.2, 'logl_max': inf, 'n_effective': None, 'add_live': True, 'print_progress': True, 'print_func': <bound method Dynesty._print_func of <bilby.core.sampler.dynesty.Dynesty object at 0x16a83bc70>>, 'save_bounds': False, 'checkpoint_file': None, 'checkpoint_every': 60, 'resume': False}
17:05 INFO    : Checkpoint every check_point_delta_t = 600s
17:05 INFO    : Using dynesty version 2.1.2
17:05 INFO    : Using the bilby-implemented rwalk sampling tracking the autocorrelation function and thinning by 2 with maximum length 2000
17:05 INFO    : Resume file outdir/full_15_parameters_resume.pickle does not exist.
17:05 INFO    : Generating initial points from the prior
17:16 INFO    : Written checkpoint file outdir/full_15_parameters_resume.pickle
17:27 INFO    : Written checkpoint file outdir/full_15_parameters_resume.pickle
17:37 INFO    : Written checkpoint file outdir/full_15_parameters_resume.pickle
17:48 INFO    : Written checkpoint file outdir/full_15_parameters_resume.pickle
17:58 INFO    : Written checkpoint file outdir/full_15_parameters_resume.pickle
18:09 INFO    : Written checkpoint file outdir/full_15_parameters_resume.pickle
18:14 WARNING : Unable to find a new point using walk: try increasing maxmcmc
18:27 INFO    : Written checkpoint file outdir/full_15_parameters_resume.pickle
18:44 INFO    : Written checkpoint file outdir/full_15_parameters_resume.pickle
18:54 INFO    : Written checkpoint file outdir/full_15_parameters_resume.pickle
19:09 INFO    : Written checkpoint file outdir/full_15_parameters_resume.pickle
19:30 INFO    : Written checkpoint file outdir/full_15_parameters_resume.pickle
19:41 INFO    : Written checkpoint file outdir/full_15_parameters_resume.pickle
19:42 WARNING : Unable to find a new point using walk: try increasing maxmcmc
19:52 INFO    : Written checkpoint file outdir/full_15_parameters_resume.pickle
20:02 INFO    : Written checkpoint file outdir/full_15_parameters_resume.pickle
20:12 INFO    : Written checkpoint file outdir/full_15_parameters_resume.pickle
20:58 INFO    : Written checkpoint file outdir/full_15_parameters_resume.pickle
21:01 INFO    : Written checkpoint file outdir/full_15_parameters_resume.pickle
21:01 INFO    : Rejection sampling nested samples to obtain 2468 posterior samples
21:01 INFO    : Sampling time: 3:56:12.026061
21:01 INFO    : Computing per-detector log likelihoods.
21:01 INFO    : Reconstructing marginalised parameters.
21:02 INFO    : Generating sky frame parameters.
21:02 INFO    : Computing SNRs for every sample.
21:02 INFO    : Summary of results:
nsamples: 2468
ln_noise_evidence: -8157.931
ln_evidence: -8006.539 +/-  0.223
ln_bayes_factor: 151.392 +/-  0.223

