12:12 INFO    : Waveform generator initiated with
  frequency_domain_source_model: bilby.gw.source.lal_binary_black_hole
  time_domain_source_model: None
  parameter_conversion: bilby.gw.conversion.convert_to_lal_binary_black_hole_parameters
12:12 INFO    : Injected signal in H1:
12:12 INFO    :   optimal SNR = 9.95
12:12 INFO    :   matched filter SNR = 10.78-2.01j
12:12 INFO    :   mass_1 = 36.0
12:12 INFO    :   mass_2 = 29.0
12:12 INFO    :   a_1 = 0.4
12:12 INFO    :   a_2 = 0.3
12:12 INFO    :   tilt_1 = 0.5
12:12 INFO    :   tilt_2 = 1.0
12:12 INFO    :   phi_12 = 1.7
12:12 INFO    :   phi_jl = 0.3
12:12 INFO    :   luminosity_distance = 2000.0
12:12 INFO    :   theta_jn = 0.4
12:12 INFO    :   psi = 2.659
12:12 INFO    :   phase = 1.3
12:12 INFO    :   geocent_time = 1128679080
12:12 INFO    :   ra = 1.375
12:12 INFO    :   dec = -1.2108
12:12 INFO    : Injected signal in L1:
12:12 INFO    :   optimal SNR = 8.09
12:12 INFO    :   matched filter SNR = 8.44-0.00j
12:12 INFO    :   mass_1 = 36.0
12:12 INFO    :   mass_2 = 29.0
12:12 INFO    :   a_1 = 0.4
12:12 INFO    :   a_2 = 0.3
12:12 INFO    :   tilt_1 = 0.5
12:12 INFO    :   tilt_2 = 1.0
12:12 INFO    :   phi_12 = 1.7
12:12 INFO    :   phi_jl = 0.3
12:12 INFO    :   luminosity_distance = 2000.0
12:12 INFO    :   theta_jn = 0.4
12:12 INFO    :   psi = 2.659
12:12 INFO    :   phase = 1.3
12:12 INFO    :   geocent_time = 1128679080
12:12 INFO    :   ra = 1.375
12:12 INFO    :   dec = -1.2108
12:12 INFO    : No prior given, using default BBH priors in /Users/dhruv/Library/Python/3.9/lib/python/site-packages/bilby/gw/prior_files/precessing_spins_bbh.prior.
12:12 INFO    : Distance marginalisation file .distance_marginalization_lookup.npz does not exist
12:12 INFO    : Building lookup table for distance marginalisation.
12:13 INFO    : Running for label 'full_15_parameters', output will be saved to 'outdir'
12:13 INFO    : Using lal version 7.3.1
12:13 INFO    : Using lal git version Branch: None;Tag: lalsuite-v7.15;Id: 9a0927aac5e23cd7c93ada22a24aef9e3a12a2c7;;Builder: Unknown User <>;Repository status: CLEAN: All modifications committed
12:13 INFO    : Using lalsimulation version 5.2.0
12:13 INFO    : Using lalsimulation git version Branch: None;Tag: lalsuite-v7.15;Id: 9a0927aac5e23cd7c93ada22a24aef9e3a12a2c7;;Builder: Unknown User <>;Repository status: CLEAN: All modifications committed
12:13 INFO    : Analysis priors:
12:13 INFO    : mass_ratio=Uniform(minimum=0.5, maximum=1.0, name='mass_ratio', latex_label='$q$', unit=None, boundary=None)
12:13 INFO    : chirp_mass=Uniform(minimum=10.0, maximum=100.0, name='chirp_mass', latex_label='$M$', unit='$M_{\\odot}$', boundary=None)
12:13 INFO    : dec=Cosine(minimum=-1.5707963267948966, maximum=1.5707963267948966, name='dec', latex_label='$\\mathrm{DEC}$', unit=None, boundary=None)
12:13 INFO    : ra=Uniform(minimum=0, maximum=6.283185307179586, name='ra', latex_label='$\\mathrm{RA}$', unit=None, boundary='periodic')
12:13 INFO    : theta_jn=Sine(minimum=0, maximum=3.141592653589793, name='theta_jn', latex_label='$\\theta_{JN}$', unit=None, boundary=None)
12:13 INFO    : psi=Uniform(minimum=0, maximum=3.141592653589793, name='psi', latex_label='$\\psi$', unit=None, boundary='periodic')
12:13 INFO    : a_1=Uniform(minimum=0, maximum=0.99, name='a_1', latex_label='$a_1$', unit=None, boundary=None)
12:13 INFO    : a_2=Uniform(minimum=0, maximum=0.99, name='a_2', latex_label='$a_2$', unit=None, boundary=None)
12:13 INFO    : tilt_1=Sine(minimum=0, maximum=3.141592653589793, name='tilt_1', latex_label='$\\theta_1$', unit=None, boundary=None)
12:13 INFO    : tilt_2=Sine(minimum=0, maximum=3.141592653589793, name='tilt_2', latex_label='$\\theta_2$', unit=None, boundary=None)
12:13 INFO    : phi_12=Uniform(minimum=0, maximum=6.283185307179586, name='phi_12', latex_label='$\\Delta\\phi$', unit=None, boundary='periodic')
12:13 INFO    : phi_jl=Uniform(minimum=0, maximum=6.283185307179586, name='phi_jl', latex_label='$\\phi_{JL}$', unit=None, boundary='periodic')
12:13 INFO    : time_jitter=Uniform(minimum=-0.00048828125, maximum=0.00048828125, name='time_jitter', latex_label='$t_j$', unit=None, boundary='periodic')
12:13 INFO    : luminosity_distance=3382.9535676088985
12:13 INFO    : phase=0.0
12:13 INFO    : geocent_time=1128679077.0
12:13 INFO    : Analysis likelihood class: <class 'bilby.gw.likelihood.base.GravitationalWaveTransient'>
12:13 INFO    : Analysis likelihood noise evidence: -8072.71911176959
12:13 INFO    : Single likelihood evaluation took 1.097e-03 s
12:13 WARNING : Supplied argument 'npoints' not an argument of 'Dynesty', removing.
12:13 WARNING : Supplied argument 'n_checkpoint' not an argument of 'Dynesty', removing.
12:13 INFO    : Using sampler Dynesty with kwargs {'nlive': 256, 'bound': 'live', 'sample': 'act-walk', 'periodic': None, 'reflective': None, 'update_interval': 600, 'first_update': None, 'npdim': None, 'rstate': None, 'queue_size': 1, 'pool': None, 'use_pool': None, 'live_points': None, 'logl_args': None, 'logl_kwargs': None, 'ptform_args': None, 'ptform_kwargs': None, 'gradient': None, 'grad_args': None, 'grad_kwargs': None, 'compute_jac': False, 'enlarge': None, 'bootstrap': None, 'walks': 100, 'facc': 0.2, 'slices': None, 'fmove': 0.9, 'max_move': 100, 'update_func': None, 'ncdim': None, 'blob': False, 'save_history': False, 'history_filename': None, 'maxiter': None, 'maxcall': None, 'dlogz': 0.25, 'logl_max': inf, 'n_effective': None, 'add_live': True, 'print_progress': True, 'print_func': <bound method Dynesty._print_func of <bilby.core.sampler.dynesty.Dynesty object at 0x168dd89d0>>, 'save_bounds': False, 'checkpoint_file': None, 'checkpoint_every': 60, 'resume': False}
12:13 INFO    : Checkpoint every check_point_delta_t = 600s
12:13 INFO    : Using dynesty version 2.1.2
12:13 INFO    : Using the bilby-implemented rwalk sampling tracking the autocorrelation function and thinning by 2 with maximum length 2000
12:13 INFO    : Resume file outdir/full_15_parameters_resume.pickle does not exist.
12:13 INFO    : Generating initial points from the prior
12:23 INFO    : Written checkpoint file outdir/full_15_parameters_resume.pickle
12:34 INFO    : Written checkpoint file outdir/full_15_parameters_resume.pickle
12:44 INFO    : Written checkpoint file outdir/full_15_parameters_resume.pickle
12:53 INFO    : Written checkpoint file outdir/full_15_parameters_resume.pickle
12:53 INFO    : Rejection sampling nested samples to obtain 1068 posterior samples
12:53 INFO    : Sampling time: 0:40:15.206918
12:53 INFO    : Computing per-detector log likelihoods.
12:53 INFO    : Reconstructing marginalised parameters.
12:53 INFO    : Generating sky frame parameters.
12:53 INFO    : Computing SNRs for every sample.
12:53 INFO    : Summary of results:
nsamples: 1068
ln_noise_evidence: -8072.719
ln_evidence: -8002.381 +/-  0.294
ln_bayes_factor: 70.339 +/-  0.294

