13:46 INFO    : Waveform generator initiated with
  frequency_domain_source_model: bilby.gw.source.lal_binary_black_hole
  time_domain_source_model: None
  parameter_conversion: bilby.gw.conversion.convert_to_lal_binary_black_hole_parameters
13:46 INFO    : Injected signal in H1:
13:46 INFO    :   optimal SNR = 17.24
13:46 INFO    :   matched filter SNR = 16.51+1.04j
13:46 INFO    :   mass_1 = 36.0
13:46 INFO    :   mass_2 = 29.0
13:46 INFO    :   a_1 = 0.4
13:46 INFO    :   a_2 = 0.3
13:46 INFO    :   tilt_1 = 0.5
13:46 INFO    :   tilt_2 = 1.0
13:46 INFO    :   phi_12 = 1.7
13:46 INFO    :   phi_jl = 0.3
13:46 INFO    :   luminosity_distance = 2000.0
13:46 INFO    :   theta_jn = 0.4
13:46 INFO    :   psi = 2.659
13:46 INFO    :   phase = 1.3
13:46 INFO    :   geocent_time = 1187058507
13:46 INFO    :   ra = 1.375
13:46 INFO    :   dec = -1.2108
13:46 INFO    : Injected signal in L1:
13:46 INFO    :   optimal SNR = 14.98
13:46 INFO    :   matched filter SNR = 13.18+0.14j
13:46 INFO    :   mass_1 = 36.0
13:46 INFO    :   mass_2 = 29.0
13:46 INFO    :   a_1 = 0.4
13:46 INFO    :   a_2 = 0.3
13:46 INFO    :   tilt_1 = 0.5
13:46 INFO    :   tilt_2 = 1.0
13:46 INFO    :   phi_12 = 1.7
13:46 INFO    :   phi_jl = 0.3
13:46 INFO    :   luminosity_distance = 2000.0
13:46 INFO    :   theta_jn = 0.4
13:46 INFO    :   psi = 2.659
13:46 INFO    :   phase = 1.3
13:46 INFO    :   geocent_time = 1187058507
13:46 INFO    :   ra = 1.375
13:46 INFO    :   dec = -1.2108
13:46 INFO    : Injected signal in V1:
13:46 INFO    :   optimal SNR = 7.89
13:46 INFO    :   matched filter SNR = 8.28-0.40j
13:46 INFO    :   mass_1 = 36.0
13:46 INFO    :   mass_2 = 29.0
13:46 INFO    :   a_1 = 0.4
13:46 INFO    :   a_2 = 0.3
13:46 INFO    :   tilt_1 = 0.5
13:46 INFO    :   tilt_2 = 1.0
13:46 INFO    :   phi_12 = 1.7
13:46 INFO    :   phi_jl = 0.3
13:46 INFO    :   luminosity_distance = 2000.0
13:46 INFO    :   theta_jn = 0.4
13:46 INFO    :   psi = 2.659
13:46 INFO    :   phase = 1.3
13:46 INFO    :   geocent_time = 1187058507
13:46 INFO    :   ra = 1.375
13:46 INFO    :   dec = -1.2108
13:46 INFO    : No prior given, using default BBH priors in /Users/dhruv/Library/Python/3.9/lib/python/site-packages/bilby/gw/prior_files/precessing_spins_bbh.prior.
13:46 INFO    : Loaded distance marginalisation lookup table from .distance_marginalization_lookup.npz.
13:46 INFO    : Running for label 'full_15_parameters', output will be saved to 'outdir'
13:46 INFO    : Using lal version 7.3.1
13:46 INFO    : Using lal git version Branch: None;Tag: lalsuite-v7.15;Id: 9a0927aac5e23cd7c93ada22a24aef9e3a12a2c7;;Builder: Unknown User <>;Repository status: CLEAN: All modifications committed
13:46 INFO    : Using lalsimulation version 5.2.0
13:46 INFO    : Using lalsimulation git version Branch: None;Tag: lalsuite-v7.15;Id: 9a0927aac5e23cd7c93ada22a24aef9e3a12a2c7;;Builder: Unknown User <>;Repository status: CLEAN: All modifications committed
13:46 INFO    : Analysis priors:
13:46 INFO    : mass_ratio=Uniform(minimum=0.5, maximum=1.0, name='mass_ratio', latex_label='$q$', unit=None, boundary=None)
13:46 INFO    : chirp_mass=Uniform(minimum=10.0, maximum=100.0, name='chirp_mass', latex_label='$M$', unit='$M_{\\odot}$', boundary=None)
13:46 INFO    : dec=Cosine(minimum=-1.5707963267948966, maximum=1.5707963267948966, name='dec', latex_label='$\\mathrm{DEC}$', unit=None, boundary=None)
13:46 INFO    : ra=Uniform(minimum=0, maximum=6.283185307179586, name='ra', latex_label='$\\mathrm{RA}$', unit=None, boundary='periodic')
13:46 INFO    : theta_jn=Sine(minimum=0, maximum=3.141592653589793, name='theta_jn', latex_label='$\\theta_{JN}$', unit=None, boundary=None)
13:46 INFO    : psi=Uniform(minimum=0, maximum=3.141592653589793, name='psi', latex_label='$\\psi$', unit=None, boundary='periodic')
13:46 INFO    : a_1=Uniform(minimum=0, maximum=0.99, name='a_1', latex_label='$a_1$', unit=None, boundary=None)
13:46 INFO    : a_2=Uniform(minimum=0, maximum=0.99, name='a_2', latex_label='$a_2$', unit=None, boundary=None)
13:46 INFO    : tilt_1=Sine(minimum=0, maximum=3.141592653589793, name='tilt_1', latex_label='$\\theta_1$', unit=None, boundary=None)
13:46 INFO    : tilt_2=Sine(minimum=0, maximum=3.141592653589793, name='tilt_2', latex_label='$\\theta_2$', unit=None, boundary=None)
13:46 INFO    : phi_12=Uniform(minimum=0, maximum=6.283185307179586, name='phi_12', latex_label='$\\Delta\\phi$', unit=None, boundary='periodic')
13:46 INFO    : phi_jl=Uniform(minimum=0, maximum=6.283185307179586, name='phi_jl', latex_label='$\\phi_{JL}$', unit=None, boundary='periodic')
13:46 INFO    : time_jitter=Uniform(minimum=-0.00048828125, maximum=0.00048828125, name='time_jitter', latex_label='$t_j$', unit=None, boundary='periodic')
13:46 INFO    : luminosity_distance=3382.9535676088985
13:46 INFO    : phase=0.0
13:46 INFO    : geocent_time=1187058504.0
13:46 INFO    : Analysis likelihood class: <class 'bilby.gw.likelihood.base.GravitationalWaveTransient'>
13:46 INFO    : Analysis likelihood noise evidence: -12283.108987190377
13:46 INFO    : Single likelihood evaluation took 1.304e-03 s
13:46 WARNING : Supplied argument 'npoints' not an argument of 'Dynesty', removing.
13:46 WARNING : Supplied argument 'n_checkpoint' not an argument of 'Dynesty', removing.
13:46 INFO    : Using sampler Dynesty with kwargs {'nlive': 512, 'bound': 'live', 'sample': 'act-walk', 'periodic': None, 'reflective': None, 'update_interval': 600, 'first_update': None, 'npdim': None, 'rstate': None, 'queue_size': 1, 'pool': None, 'use_pool': None, 'live_points': None, 'logl_args': None, 'logl_kwargs': None, 'ptform_args': None, 'ptform_kwargs': None, 'gradient': None, 'grad_args': None, 'grad_kwargs': None, 'compute_jac': False, 'enlarge': None, 'bootstrap': None, 'walks': 100, 'facc': 0.2, 'slices': None, 'fmove': 0.9, 'max_move': 100, 'update_func': None, 'ncdim': None, 'blob': False, 'save_history': False, 'history_filename': None, 'maxiter': None, 'maxcall': None, 'dlogz': 0.2, 'logl_max': inf, 'n_effective': None, 'add_live': True, 'print_progress': True, 'print_func': <bound method Dynesty._print_func of <bilby.core.sampler.dynesty.Dynesty object at 0x15ff57d30>>, 'save_bounds': False, 'checkpoint_file': None, 'checkpoint_every': 60, 'resume': False}
13:46 INFO    : Checkpoint every check_point_delta_t = 600s
13:46 INFO    : Using dynesty version 2.1.2
13:46 INFO    : Using the bilby-implemented rwalk sampling tracking the autocorrelation function and thinning by 2 with maximum length 2000
13:46 INFO    : Resume file outdir/full_15_parameters_resume.pickle does not exist.
13:46 INFO    : Generating initial points from the prior
13:57 INFO    : Written checkpoint file outdir/full_15_parameters_resume.pickle
14:09 INFO    : Written checkpoint file outdir/full_15_parameters_resume.pickle
14:19 INFO    : Written checkpoint file outdir/full_15_parameters_resume.pickle
14:58 INFO    : Written checkpoint file outdir/full_15_parameters_resume.pickle
16:04 INFO    : Written checkpoint file outdir/full_15_parameters_resume.pickle
20:08 INFO    : Written checkpoint file outdir/full_15_parameters_resume.pickle
22:56 INFO    : Written checkpoint file outdir/full_15_parameters_resume.pickle
01:08 INFO    : Written checkpoint file outdir/full_15_parameters_resume.pickle
03:05 INFO    : Written checkpoint file outdir/full_15_parameters_resume.pickle
04:11 INFO    : Written checkpoint file outdir/full_15_parameters_resume.pickle
06:08 INFO    : Written checkpoint file outdir/full_15_parameters_resume.pickle
07:04 INFO    : Written checkpoint file outdir/full_15_parameters_resume.pickle
08:31 INFO    : Written checkpoint file outdir/full_15_parameters_resume.pickle
09:06 INFO    : Written checkpoint file outdir/full_15_parameters_resume.pickle
10:41 INFO    : Written checkpoint file outdir/full_15_parameters_resume.pickle
10:51 INFO    : Written checkpoint file outdir/full_15_parameters_resume.pickle
11:01 INFO    : Written checkpoint file outdir/full_15_parameters_resume.pickle
11:12 INFO    : Written checkpoint file outdir/full_15_parameters_resume.pickle
11:22 INFO    : Written checkpoint file outdir/full_15_parameters_resume.pickle
11:35 INFO    : Written checkpoint file outdir/full_15_parameters_resume.pickle
11:50 INFO    : Written checkpoint file outdir/full_15_parameters_resume.pickle
12:10 INFO    : Written checkpoint file outdir/full_15_parameters_resume.pickle
12:47 INFO    : Written checkpoint file outdir/full_15_parameters_resume.pickle
16:18 INFO    : Written checkpoint file outdir/full_15_parameters_resume.pickle
18:17 INFO    : Written checkpoint file outdir/full_15_parameters_resume.pickle
18:33 INFO    : Written checkpoint file outdir/full_15_parameters_resume.pickle
18:34 INFO    : Written checkpoint file outdir/full_15_parameters_resume.pickle
18:35 INFO    : Rejection sampling nested samples to obtain 2367 posterior samples
18:35 INFO    : Sampling time: 1 day, 4:48:15.664845
18:35 INFO    : Computing per-detector log likelihoods.
18:35 INFO    : Reconstructing marginalised parameters.
18:35 INFO    : Generating sky frame parameters.
18:35 INFO    : Computing SNRs for every sample.
18:35 INFO    : Summary of results:
nsamples: 2367
ln_noise_evidence: -12283.109
ln_evidence: -12057.836 +/-  0.269
ln_bayes_factor: 225.273 +/-  0.269

